# name/game/hands/seed matchName holdem.limit.2p.reverse_blinds.game 1000 0
#--t_response 600000
#--t_hand 600000
#--t_per_hand 7000
STATE:0:cc/cc/cc/cc:5d5c|9hQd/8dAs8s/4h/6d:10|-10:Us|Them
STATE:1:cc/cc/cc/cc:6sKs|5dJd/2sTh2h/Qh/8h:10|-10:Them|Us
STATE:2:cc/cc/cc/cc:Ah8s|2h4c/Qd7h6c/4s/Jc:-10|10:Us|Them
STATE:3:cc/cc/cc/cc:4s8s|6hJd/QhJs9d/Qc/9h:-10|10:Them|Us
STATE:4:cc/cc/cc/cc:5s4c|Kc7d/KsAsJd/Th/7h:-10|10:Us|Them
STATE:5:cc/cc/cc/cc:KhTh|8s7d/9c8d5c/Qd/Td:10|-10:Them|Us
STATE:6:cc/cc/cc/cc:Kc8h|5cAs/9dAh4d/7h/Qs:-10|10:Us|Them
STATE:7:cc/cc/cc/cc:Ah6c|2c3d/5d6hTc/6d/Td:10|-10:Them|Us
STATE:8:cc/cc/cc/cc:2hAd|Js7c/4d3s3c/Jh/7d:-10|10:Us|Them
STATE:9:cc/cc/cc/cc:Qd5h|9h2d/AsKs3h/Th/8c:10|-10:Them|Us
STATE:10:cc/cc/cc/cc:KcAd|Jd5c/6s7c4h/Ks/Kh:10|-10:Us|Them
STATE:11:cc/cc/cc/cc:9dTc|9s4h/3h7c2h/9h/Ts:10|-10:Them|Us
STATE:12:cc/cc/cc/cc:3hTs|AdQd/9d7h4h/Kd/As:-10|10:Us|Them
STATE:13:cc/cc/cc/cc:8h9s|3d2s/7hJcKc/2d/2c:-10|10:Them|Us
STATE:14:cc/cc/cc/cc:2d3s|6sQh/5d8h4d/Qs/2c:-10|10:Us|Them
STATE:15:cc/cc/cc/cc:3c4c|Th7s/5d6c8s/6h/3d:10|-10:Them|Us
STATE:16:cc/cc/cc/cc:3c8d|Ks6c/Ad8c7s/Jd/8s:10|-10:Us|Them
STATE:17:cc/cc/cc/cc:Kc7c|2s7d/As3h6s/Qc/7s:10|-10:Them|Us
STATE:18:cc/cc/cc/cc:AsJh|8d2c/7dAh5c/3s/3c:10|-10:Us|Them
STATE:19:cc/cc/cc/cc:2h6d|7dKc/5sAs6h/6s/Jd:10|-10:Them|Us
STATE:20:cc/cc/cc/cc:5cAs|2s7h/KsQcTh/Qd/Qh:10|-10:Us|Them
STATE:21:cc/cc/cc/cc:9sTs|7d4h/5c4sAh/4c/7c:-10|10:Them|Us
STATE:22:cc/cc/cc/cc:5sJh|8dTh/5c2d5d/Tc/Ad:10|-10:Us|Them
STATE:23:cc/cc/cc/cc:6c7s|AcTh/TsAhQh/5s/As:-10|10:Them|Us
STATE:24:cc/cc/cc/cc:9d3h|Qh6s/6hQc7d/2c/4s:-10|10:Us|Them
STATE:25:cc/cc/cc/cc:2s3d|7dTs/Ad4hJh/9c/6c:-10|10:Them|Us
STATE:26:cc/cc/cc/cc:5dJs|9h4h/4sTh3d/3s/7d:-10|10:Us|Them
STATE:27:cc/cc/cc/cc:2d2s|8s4d/TcAd5d/2c/3h:-10|10:Them|Us
STATE:28:cc/cc/cc/cc:AdTd|Qd2c/2d7d6c/9d/Jh:10|-10:Us|Them
STATE:29:cc/cc/cc/cc:8s2d|8h9d/7h5c7s/7c/Jc:-10|10:Them|Us
STATE:30:cc/cc/cc/cc:3c2s|4sTs/4hQc3h/3d/Qd:10|-10:Us|Them
STATE:31:cc/cc/cc/cc:Jd9c|6s8s/7s6d5c/Jc/Qc:10|-10:Them|Us
STATE:32:cc/cc/cc/cc:QsKd|7c7d/2c2d6c/6h/Jd:-10|10:Us|Them
STATE:33:cc/cc/cc/cc:Th5d|Qs8h/7sAcJs/Td/7h:10|-10:Them|Us
STATE:34:cc/cc/cc/cc:7hAc|AdAs/Jh3s5d/Kh/7c:-10|10:Us|Them
STATE:35:cc/cc/cc/cc:AsAh|2dQs/4s7dTs/Kd/5s:10|-10:Them|Us
STATE:36:cc/cc/cc/cc:AhQc|8c5c/4dAs4h/4s/6d:10|-10:Us|Them
STATE:37:cc/cc/cc/cc:KcQd|8sJc/9hJh9d/Qs/Kd:10|-10:Them|Us
STATE:38:cc/cc/cc/cc:Ad6s|Qh8h/6cJc7c/8c/8s:-10|10:Us|Them
STATE:39:cc/cc/cc/cc:9sTc|6cAs/3d6s2d/Ac/Jc:-10|10:Them|Us
STATE:40:cc/cc/cc/cc:5d6s|8hKc/Kd3d2h/8d/Td:10|-10:Us|Them
STATE:41:cc/cc/cc/cc:4d6d|9s6s/7dJd5c/Ad/Ks:10|-10:Them|Us
STATE:42:cc/cc/cc/cc:ThQh|Kc8s/2d3h9s/4s/2c:-10|10:Us|Them
STATE:43:cc/cc/cc/cc:7s8h|9h4c/Ts9s6d/4d/5c:10|-10:Them|Us
STATE:44:cc/cc/cc/cc:9c6h|3dJh/AhTs9d/7s/7h:10|-10:Us|Them
STATE:45:cc/cc/cc/cc:5c3s|7c8h/9sKh8s/2d/4c:-10|10:Them|Us
STATE:46:cc/cc/cc/cc:8hJd|5cQh/6s3d9h/3c/Js:10|-10:Us|Them
STATE:47:cc/cc/cc/cc:Qc2s|JsAh/9d8s2h/6s/Jh:-10|10:Them|Us
STATE:48:cc/cc/cc/cc:5cJc|Jd4c/3hAc4d/3d/6s:-10|10:Us|Them
STATE:49:cc/cc/cc/cc:QhTd|Js3c/9cQc5d/Ad/Kd:10|-10:Them|Us
STATE:50:cc/cc/cc/cc:Tc5d|JsAd/4h7s8s/9c/3d:-10|10:Us|Them
STATE:51:cc/cc/cc/cc:Ah7c|AsKc/7d2c8c/Jh/Jd:10|-10:Them|Us
STATE:52:cc/cc/cc/cc:5cJh|Th8h/8s9d6c/5d/8d:-10|10:Us|Them
STATE:53:cc/cc/cc/cc:Qd5c|3h6d/AsTd8d/Kh/Qc:10|-10:Them|Us
STATE:54:cc/cc/cc/cc:7s4h|7h9d/8d2dQs/2s/6d:-10|10:Us|Them
STATE:55:cc/cc/cc/cc:8c6s|Tc8h/Qc2h8s/7h/6c:10|-10:Them|Us
STATE:56:cc/cc/cc/cc:Ks7d|9hTs/Jd4h9c/3c/6h:-10|10:Us|Them
STATE:57:cc/cc/cc/cc:5cAh|9dTh/As3dTs/Kh/9h:-10|10:Them|Us
STATE:58:cc/cc/cc/cc:2c9h|5hKh/JdKsAs/9s/6c:-10|10:Us|Them
STATE:59:cc/cc/cc/cc:4dTd|9s9c/TcJcKh/5s/7h:10|-10:Them|Us
STATE:60:cc/cc/cc/cc:5s9s|3c4c/Jc3sAs/6c/2c:-10|10:Us|Them
STATE:61:cc/cc/cc/cc:Jd5d|4s4d/6c8h7s/Jh/7h:10|-10:Them|Us
STATE:62:cc/cc/cc/cc:5s2s|Kh2c/6d8hQs/Ah/Ks:-10|10:Us|Them
STATE:63:cc/cc/cc/cc:7c5s|9c2c/QdKh9d/Jd/Kc:-10|10:Them|Us
STATE:64:cc/cc/cc/cc:7c9d|8s9h/2cTsTh/4c/Ad:-10|10:Us|Them
STATE:65:cc/cc/cc/cc:8h7h|Ah2s/3dJh4s/Qd/As:-10|10:Them|Us
STATE:66:cc/cc/cc/cc:QhAd|5s3h/2h2cTc/6h/2s:10|-10:Us|Them
STATE:67:cc/cc/cc/cc:4d6d|9hJc/Jd4h3s/Ah/6s:10|-10:Them|Us
STATE:68:cc/cc/cc/cc:7h6d|6h4d/3cJd7d/8s/Kc:10|-10:Us|Them
STATE:69:cc/cc/cc/cc:Jh4c|9d2d/6dTh5s/As/Kd:10|-10:Them|Us
STATE:70:cc/cc/cc/cc:Ah4d|JhTs/AsKh5s/6d/2c:10|-10:Us|Them
STATE:71:cc/cc/cc/cc:6c5h|8h2s/5sQd4h/Js/9c:10|-10:Them|Us
STATE:72:cc/cc/cc/cc:3c3s|7c3h/2s8s5s/9s/4c:10|-10:Us|Them
STATE:73:cc/cc/cc/cc:3s5d|Kh2h/3h2d9h/8d/9d:10|-10:Them|Us
STATE:74:cc/cc/cc/cc:5c3c|2dJh/Kh6c9h/4d/Ks:-10|10:Us|Them
STATE:75:cc/cc/cc/cc:Kc7s|2s6d/4hQdKh/Ah/Kd:10|-10:Them|Us
STATE:76:cc/cc/cc/cc:Qh9s|Tc5d/Qc8h2c/Ks/Jh:10|-10:Us|Them
STATE:77:cc/cc/cc/cc:JsTd|5s2c/AsAcTc/Ah/8h:10|-10:Them|Us
STATE:78:cc/cc/cc/cc:As8s|4cQc/Ad6hKh/Kd/8d:10|-10:Us|Them
STATE:79:cc/cc/cc/cc:3c6h|3dKc/5hJc3h/9s/8h:-10|10:Them|Us
STATE:80:cc/cc/cc/cc:6d6s|Tc6c/4c8s7s/Js/4d:10|-10:Us|Them
STATE:81:cc/cc/cc/cc:5s6s|7c3s/Qd4dQc/2c/6c:10|-10:Them|Us
STATE:82:cc/cc/cc/cc:2sQs|2c7d/AhAd8c/9h/3s:10|-10:Us|Them
STATE:83:cc/cc/cc/cc:8dTc|2h6c/Qs4c2s/Td/6h:-10|10:Them|Us
STATE:84:cc/cc/cc/cc:Ah9d|5c6c/Ts9s4c/Qh/4d:10|-10:Us|Them
STATE:85:cc/cc/cc/cc:3d8h|5d2s/4s9cQs/7h/As:10|-10:Them|Us
STATE:86:cc/cc/cc/cc:6d8h|6h6c/Ts2sQc/3d/Ah:-10|10:Us|Them
STATE:87:cc/cc/cc/cc:AdAc|8d8s/2cKhTs/8c/Qh:-10|10:Them|Us
STATE:88:cc/cc/cc/cc:Jh2c|2hKc/5s8dTs/Tc/6d:-10|10:Us|Them
STATE:89:cc/cc/cc/cc:JsKc|JdQh/Ts9c5d/6c/5h:10|-10:Them|Us
STATE:90:cc/cc/cc/cc:2sTs|Kd6s/9dTh6h/2c/3d:10|-10:Us|Them
STATE:91:cc/cc/cc/cc:7d9h|JdKc/KhQdJc/Ts/Td:10|-10:Them|Us
STATE:92:cc/cc/cc/cc:8hJc|JhAc/6s5s6d/9h/4s:-10|10:Us|Them
STATE:93:cc/cc/cc/cc:Jh2d|2c5h/AdKdTd/Jd/Th:10|-10:Them|Us
STATE:94:cc/cc/cc/cc:Tc3s|9s4h/Td8d5c/Qh/Jd:-10|10:Us|Them
STATE:95:cc/cc/cc/cc:9dAd|5sTc/AhJd3d/Jc/5c:10|-10:Them|Us
STATE:96:cc/cc/cc/cc:4sQh|8dTc/QcJsAh/Jd/3c:10|-10:Us|Them
STATE:97:cc/cc/cc/cc:Qd9h|AsAd/3d4s6s/2h/9d:-10|10:Them|Us
STATE:98:cc/cc/cc/cc:QsQc|7cQh/Kd6h3h/Kh/5d:10|-10:Us|Them
STATE:99:cc/cc/cc/cc:4cTs|Qs9s/9h5d8d/6c/6d:-10|10:Them|Us
STATE:100:cc/cc/cc/cc:Qd2c|3cKh/8h8c7h/Kd/2d:-10|10:Us|Them
STATE:101:cc/cc/cc/cc:Qs6d|7s7h/8c8h2c/3d/8d:-10|10:Them|Us
STATE:102:cc/cc/cc/cc:JsKc|5dTh/6sQsJh/2c/4h:10|-10:Us|Them
STATE:103:cc/cc/cc/cc:Js5h|Td3h/6cQdKc/9d/3s:-10|10:Them|Us
STATE:104:cc/cc/cc/cc:Qs8d|9c8h/5hKh3c/6h/Kc:10|-10:Us|Them
STATE:105:cc/cc/cc/cc:Th6d|5s4d/5cJc8c/6h/9s:10|-10:Them|Us
STATE:106:cc/cc/cc/cc:Qd7c|3d8c/Th3cJs/Ac/9d:-10|10:Us|Them
STATE:107:cc/cc/cc/cc:JsTc|Jd5s/ThTsKd/Ac/3c:10|-10:Them|Us
STATE:108:cc/cc/cc/cc:4hJc|5s6h/9d3dQc/7s/Qh:10|-10:Us|Them
STATE:109:cc/cc/cc/cc:2d5d|4s4c/5s3d7d/Ad/As:10|-10:Them|Us
STATE:110:cc/cc/cc/cc:8c7c|3d2h/Qs7dTc/Th/2d:10|-10:Us|Them
STATE:111:cc/cc/cc/cc:AcQc|5sKh/As8sKs/6c/Ts:-10|10:Them|Us
STATE:112:cc/cc/cc/cc:8d9s|9d7h/2hJh6h/5c/As:10|-10:Us|Them
STATE:113:cc/cc/cc/cc:Ad6s|3c6h/7dTd4h/9s/4d:10|-10:Them|Us
STATE:114:cc/cc/cc/cc:9sKc|3sAs/4s5d8d/5h/8s:-10|10:Us|Them
STATE:115:cc/cc/cc/cc:3d2s|9cKh/7cJh5c/2d/4c:10|-10:Them|Us
STATE:116:cc/cc/cc/cc:Jc6h|9s9h/3hAdAs/Ac/7d:-10|10:Us|Them
STATE:117:cc/cc/cc/cc:AhTd|6c3c/5hJcAd/4c/6d:10|-10:Them|Us
STATE:118:cc/cc/cc/cc:Js8d|Jc6c/6s9d6h/2s/3h:-10|10:Us|Them
STATE:119:cc/cc/cc/cc:Tc7s|Ac7d/Ad3d5s/9h/As:-10|10:Them|Us
STATE:120:cc/cc/cc/cc:Td6s|6cJs/8hJdAh/8c/9h:-10|10:Us|Them
STATE:121:cc/cc/cc/cc:5cTs|4d7c/3hTdKs/7h/9d:10|-10:Them|Us
STATE:122:cc/cc/cc/cc:2c2h|Ah7h/4hTs5d/Jc/Qs:10|-10:Us|Them
STATE:123:cc/cc/cc/cc:9c5d|KhAh/Qh4c4s/Qc/2d:-10|10:Them|Us
STATE:124:cc/cc/cc/cc:Qh6c|9s5d/8d8sJd/Kd/8h:10|-10:Us|Them
STATE:125:cc/cc/cc/cc:Tc6c|8c6d/Ts4cAs/4h/5h:10|-10:Them|Us
STATE:126:cc/cc/cc/cc:As9d|3d9c/Qh8cKc/2h/4h:10|-10:Us|Them
STATE:127:cc/cc/cc/cc:QcKd|3d9c/KhJdQd/7c/Ah:10|-10:Them|Us
STATE:128:cc/cc/cc/cc:Kc8d|2cKd/6c5dTh/4c/5s:10|-10:Us|Them
STATE:129:cc/cc/cc/cc:As5d|4hQs/8sKh6c/Jh/4c:-10|10:Them|Us
STATE:130:cc/cc/cc/cc:7s8d|Ad3s/4c2hJc/7c/9c:10|-10:Us|Them
STATE:131:cc/cc/cc/cc:2hJh|JdKs/3c5hKh/Tc/9c:-10|10:Them|Us
STATE:132:cc/cc/cc/cc:9d2c|Qh8d/2d9s7c/3d/Ks:10|-10:Us|Them
STATE:133:cc/cc/cc/cc:9dJc|6dJh/6c7c9c/Qd/Ks:10|-10:Them|Us
STATE:134:cc/cc/cc/cc:Tc8c|5d9h/AhTs7h/8h/Kd:10|-10:Us|Them
STATE:135:cc/cc/cc/cc:9d2s|6c8c/5c6sJd/Th/Ah:-10|10:Them|Us
STATE:136:cc/cc/cc/cc:2d3d|5sQh/3c4c2c/8h/Ks:10|-10:Us|Them
STATE:137:cc/cc/cc/cc:3d5h|QsTd/6hQh5s/2c/Tc:-10|10:Them|Us
STATE:138:cc/cc/cc/cc:TsQd|5hTd/3c5dJd/5s/2s:-10|10:Us|Them
STATE:139:cc/cc/cc/cc:3c5d|5c7s/Jc8c8h/4h/9c:-10|10:Them|Us
STATE:140:cc/cc/cc/cc:6s4s|2dKd/5d2h5h/3s/Qs:10|-10:Us|Them
STATE:141:cc/cc/cc/cc:Ah7c|QsJc/2dTd8d/3c/9c:-10|10:Them|Us
STATE:142:cc/cc/cc/cc:5c2s|Qc7c/TsAs3s/6d/6h:-10|10:Us|Them
STATE:143:cc/cc/cc/cc:5c8s|Js6s/TcTh3h/9d/4c:-10|10:Them|Us
STATE:144:cc/cc/cc/cc:Qh6s|AdKs/9dJd2s/Ah/Qd:-10|10:Us|Them
STATE:145:cc/cc/cc/cc:2c9s|Jh2s/4cJs6s/9d/Kh:-10|10:Them|Us
STATE:146:cc/cc/cc/cc:5d6c|7d6d/5cKd6s/3c/2c:10|-10:Us|Them
STATE:147:cc/cc/cc/cc:AdKh|6h5s/4cJh5d/Jc/Th:-10|10:Them|Us
STATE:148:cc/cc/cc/cc:2d5d|Kc6d/9d4s7h/4c/Ac:-10|10:Us|Them
STATE:149:cc/cc/cc/cc:As9d|5c3h/3c7cQd/Ac/Jh:10|-10:Them|Us
STATE:150:cc/cc/cc/cc:Td5d|AsJs/8s3dKc/5s/9h:10|-10:Us|Them
STATE:151:cc/cc/cc/cc:KsKh|2c5h/2hJh5d/As/Th:-10|10:Them|Us
STATE:152:cc/cc/cc/cc:JcQd|7c3s/9c5h7s/3h/Js:-10|10:Us|Them
STATE:153:cc/cc/cc/cc:2s3s|Qs8c/JsAs5h/Ac/Kc:-10|10:Them|Us
STATE:154:cc/cc/cc/cc:5h5d|4d2s/5s6sQh/7c/Ks:10|-10:Us|Them
STATE:155:cc/cc/cc/cc:TcAd|Qs7d/8c9c5h/Kc/7s:-10|10:Them|Us
STATE:156:cc/cc/cc/cc:4c7h|4s9d/Jh5h8d/8h/5s:0|0:Us|Them
STATE:157:cc/cc/cc/cc:5c3s|Jc4s/4h8d6d/4c/6s:-10|10:Them|Us
STATE:158:cc/cc/cc/cc:5h6s|Kc6c/2c8h9s/5d/Kd:-10|10:Us|Them
STATE:159:cc/cc/cc/cc:Ah8d|9s7h/5c7s3h/6d/4d:10|-10:Them|Us
STATE:160:cc/cc/cc/cc:3d3s|7cTs/2h2sKs/8c/Ad:10|-10:Us|Them
STATE:161:cc/cc/cc/cc:Qh4c|6dAc/KcQs4d/3h/9h:10|-10:Them|Us
STATE:162:cc/cc/cc/cc:4cQd|Td4h/6d3d5s/Js/6c:10|-10:Us|Them
STATE:163:cc/cc/cc/cc:2c8s|8cJc/Th5c9h/Qs/7h:-10|10:Them|Us
STATE:164:cc/cc/cc/cc:Qc6d|3h5s/7hAs8d/Kc/Jc:10|-10:Us|Them
STATE:165:cc/cc/cc/cc:9dJs|Qh3d/Jc3h8h/5h/8c:10|-10:Them|Us
STATE:166:cc/cc/cc/cc:8dKd|Ac9h/Th2c6d/4d/Ts:-10|10:Us|Them
STATE:167:cc/cc/cc/cc:KsTd|7s2d/4d8h8d/4s/9s:10|-10:Them|Us
STATE:168:cc/cc/cc/cc:AdQd|3d3c/2dAh4c/Qs/Tc:10|-10:Us|Them
STATE:169:cc/cc/cc/cc:8d6c|Tc3s/7c3h7s/5s/Jc:-10|10:Them|Us
STATE:170:cc/cc/cc/cc:7h6c|AdKc/8sQd3d/Kh/5d:-10|10:Us|Them
STATE:171:cc/cc/cc/cc:Ac7s|Td6c/2s7hAs/5d/Qc:10|-10:Them|Us
STATE:172:cc/cc/cc/cc:Kd5c|TsJh/6c5h3s/9s/4h:10|-10:Us|Them
STATE:173:cc/cc/cc/cc:Th5d|Js4h/Kd7sTc/6d/As:10|-10:Them|Us
STATE:174:cc/cc/cc/cc:2d4h|Jd6s/7s3h4d/Ts/2s:10|-10:Us|Them
STATE:175:cc/cc/cc/cc:5cJc|2c2h/5s8h4s/Kh/Ks:10|-10:Them|Us
STATE:176:cc/cc/cc/cc:8c4s|TsKd/3h6s6d/8s/5h:10|-10:Us|Them
STATE:177:cc/cc/cc/cc:8hTs|2d3c/AdAc4h/4c/Js:0|0:Them|Us
STATE:178:cc/cc/cc/cc:8hAh|Kh3s/2hKs2c/Qd/7d:-10|10:Us|Them
STATE:179:cc/cc/cc/cc:9h2c|4dQh/2dTd9c/Ah/6h:10|-10:Them|Us
STATE:180:cc/cc/cc/cc:9d4d|6h7s/AhQs5h/7c/8c:-10|10:Us|Them
STATE:181:cc/cc/cc/cc:7cQc|6s6d/JhKs7h/9s/8s:10|-10:Them|Us
STATE:182:cc/cc/cc/cc:6cTs|Jh4d/7h9sQc/As/3d:-10|10:Us|Them
STATE:183:cc/cc/cc/cc:7c6d|TsJs/3sAh9c/3c/4d:-10|10:Them|Us
STATE:184:cc/cc/cc/cc:8hQc|5s3s/KcKsTc/8s/Qh:10|-10:Us|Them
STATE:185:cc/cc/cc/cc:Td6h|7c7h/Ts6cQd/4h/2c:10|-10:Them|Us
STATE:186:cc/cc/cc/cc:8c5c|Jc9c/TdAh9s/Qh/Kd:-10|10:Us|Them
STATE:187:cc/cc/cc/cc:QhJh|5h8s/Kh8d9c/9s/As:-10|10:Them|Us
STATE:188:cc/cc/cc/cc:Qs7c|As2h/6d6cJh/Tc/Js:-10|10:Us|Them
STATE:189:cc/cc/cc/cc:Ac7h|8c6h/AhQh9d/9h/2s:10|-10:Them|Us
STATE:190:cc/cc/cc/cc:Ks6h|8dJs/8sKd5d/5s/5h:10|-10:Us|Them
STATE:191:cc/cc/cc/cc:9c4d|5cQs/6dQcQd/4s/Ks:-10|10:Them|Us
STATE:192:cc/cc/cc/cc:Qh7h|JhTh/2hQc9c/9h/6d:10|-10:Us|Them
STATE:193:cc/cc/cc/cc:KhKd|4h2s/8hKs9d/4s/Qd:10|-10:Them|Us
STATE:194:cc/cc/cc/cc:6dTs|2dJd/7d5hJs/5s/Qh:-10|10:Us|Them
STATE:195:cc/cc/cc/cc:Jd9c|6sQh/3c8d8s/4d/5h:-10|10:Them|Us
STATE:196:cc/cc/cc/cc:JsKs|6h8h/5s2s2h/4s/Ah:10|-10:Us|Them
STATE:197:cc/cc/cc/cc:Ks9h|Qd3s/JhJsAd/2s/Kc:10|-10:Them|Us
STATE:198:cc/cc/cc/cc:5h9c|5cTc/7d4c4d/Ks/2h:-10|10:Us|Them
STATE:199:cc/cc/cc/cc:6h9h|4d7s/JhThTd/8c/Kc:10|-10:Them|Us
STATE:200:cc/cc/cc/cc:7s3s|7c4h/ThQs4s/8h/Tc:-10|10:Us|Them
STATE:201:cc/cc/cc/cc:3dKd|9d2c/2hKhAd/6d/Js:10|-10:Them|Us
STATE:202:cc/cc/cc/cc:9c7s|2d9s/3d4sJd/Kc/3h:0|0:Us|Them
STATE:203:cc/cc/cc/cc:9c6d|8s2d/AsAcQs/3h/2h:-10|10:Them|Us
STATE:204:cc/cc/cc/cc:2s5h|Tc3d/7s8sTh/Kc/Js:-10|10:Us|Them
STATE:205:cc/cc/cc/cc:Ts7c|Th7s/2c3s4h/Ad/8s:0|0:Them|Us
STATE:206:cc/cc/cc/cc:ThAs|Js4s/2s4h2h/Qh/7h:10|-10:Us|Them
STATE:207:cc/cc/cc/cc:2sQs|KcJd/4c6c3h/2d/4s:10|-10:Them|Us
STATE:208:cc/cc/cc/cc:AcAh|9s9c/Ad8c3c/Qs/6h:10|-10:Us|Them
STATE:209:cc/cc/cc/cc:Js5c|2sTd/As2h3d/Kh/Ad:-10|10:Them|Us
STATE:210:cc/cc/cc/cc:Qc6s|Js5h/4s4h8d/6h/5c:10|-10:Us|Them
STATE:211:cc/cc/cc/cc:TdKs|2dAh/Qh4h9s/Qs/3h:-10|10:Them|Us
STATE:212:cc/cc/cc/cc:Tc8c|9c6h/8sAc9d/7d/Ks:-10|10:Us|Them
STATE:213:cc/cc/cc/cc:3c6h|Jc7d/8d9d6c/3d/Kd:-10|10:Them|Us
STATE:214:cc/cc/cc/cc:2c6d|Kc8s/7c4d9d/4h/Ad:-10|10:Us|Them
STATE:215:cc/cc/cc/cc:2s3s|Td9d/7sJd9h/Tc/Qh:-10|10:Them|Us
STATE:216:cc/cc/cc/cc:7d2h|9sQh/TsTd4s/Qs/5s:-10|10:Us|Them
STATE:217:cc/cc/cc/cc:AhKs|Th8d/JsAs4s/6h/5h:10|-10:Them|Us
STATE:218:cc/cc/cc/cc:6s6c|Kd8d/2c7hJh/As/6h:10|-10:Us|Them
STATE:219:cc/cc/cc/cc:4sKc|4hAh/5s2d8s/5d/Kd:10|-10:Them|Us
STATE:220:cc/cc/cc/cc:Th7h|7c5d/4s3sJd/7d/5s:-10|10:Us|Them
STATE:221:cc/cc/cc/cc:6sTs|7h9s/6c7cQs/Th/4s:10|-10:Them|Us
STATE:222:cc/cc/cc/cc:2d8h|Kc2s/8c3d9s/Ks/6c:-10|10:Us|Them
STATE:223:cc/cc/cc/cc:Tc3c|Kc7h/7dAd3h/Jd/Qd:-10|10:Them|Us
STATE:224:cc/cc/cc/cc:3h3s|Ts2d/Jh5c9d/3c/8h:10|-10:Us|Them
STATE:225:cc/cc/cc/cc:2d4h|6d7d/TsQhQd/Ad/3s:-10|10:Them|Us
STATE:226:cc/cc/cc/cc:AsKc|2cTs/5cAcKs/Td/Qh:10|-10:Us|Them
STATE:227:cc/cc/cc/cc:6s7d|9s3c/5sQhTd/4c/2c:-10|10:Them|Us
STATE:228:cc/cc/cc/cc:Ac3s|5h2d/Jc7dQs/9d/4s:10|-10:Us|Them
STATE:229:cc/cc/cc/cc:JsJh|Kh6h/As6d3c/Qc/Ac:10|-10:Them|Us
STATE:230:cc/cc/cc/cc:2c9c|4d9d/6h6d3s/As/4h:-10|10:Us|Them
STATE:231:cc/cc/cc/cc:2h2d|3h6s/7c4hTc/3d/Ad:-10|10:Them|Us
STATE:232:cc/cc/cc/cc:6c9s|JsTs/9c7cKd/Tc/2c:10|-10:Us|Them
STATE:233:cc/cc/cc/cc:Qs5h|TcKc/Jh9c2s/8s/Jd:-10|10:Them|Us
STATE:234:cc/cc/cc/cc:Td6s|AdTc/8c4hKc/3c/3h:-10|10:Us|Them
STATE:235:cc/cc/cc/cc:5s8c|6d4c/4d6c3d/7d/2s:10|-10:Them|Us
STATE:236:cc/cc/cc/cc:8d5s|3s2d/3dAc6h/Tc/9s:-10|10:Us|Them
STATE:237:cc/cc/cc/cc:8h6c|KhAh/QsTd2h/Jc/4h:-10|10:Them|Us
STATE:238:cc/cc/cc/cc:Js3s|6d8h/Kd2s3c/Qc/4d:10|-10:Us|Them
STATE:239:cc/cc/cc/cc:9sQd|8s6h/JdAs5c/3d/Js:10|-10:Them|Us
STATE:240:cc/cc/cc/cc:7c4s|Kh2d/AhQdQs/3d/9c:-10|10:Us|Them
STATE:241:cc/cc/cc/cc:6d6c|3c7h/3s4h5c/9c/2h:10|-10:Them|Us
STATE:242:cc/cc/cc/cc:3d8d|JdAd/7h9s9h/Ac/Js:-10|10:Us|Them
STATE:243:cc/cc/cc/cc:3s3h|9h8c/TsJcTh/Qd/4h:-10|10:Them|Us
STATE:244:cc/cc/cc/cc:8d7d|Ah9d/JcTd9h/Ks/3s:10|-10:Us|Them
STATE:245:cc/cc/cc/cc:QcQs|7dQh/8h9d5d/Js/6d:-10|10:Them|Us
STATE:246:cc/cc/cc/cc:KdJc|QdQs/6dJhAd/4c/Tc:-10|10:Us|Them
STATE:247:cc/cc/cc/cc:QsAd|2h7s/ThJdJs/2s/4s:-10|10:Them|Us
STATE:248:cc/cc/cc/cc:Tc5d|4dKs/4cTsJc/3d/9c:10|-10:Us|Them
STATE:249:cc/cc/cc/cc:7c2d|Ks5s/4sAh9h/Qc/6c:-10|10:Them|Us
STATE:250:cc/cc/cc/cc:7h2c|Qd5h/Ah6dTc/Qs/4d:-10|10:Us|Them
STATE:251:cc/cc/cc/cc:Jh4c|AcTs/3d3c2d/9d/5d:-10|10:Them|Us
STATE:252:cc/cc/cc/cc:3c3s|Qh5h/JhKhQc/2c/7c:-10|10:Us|Them
STATE:253:cc/cc/cc/cc:5s4s|KdTc/7s5c6h/Jh/2d:10|-10:Them|Us
STATE:254:cc/cc/cc/cc:2s5s|6h7c/2hTd6d/3h/5d:10|-10:Us|Them
STATE:255:cc/cc/cc/cc:8hAd|5c8s/5h7h2h/7c/Tc:-10|10:Them|Us
STATE:256:cc/cc/cc/cc:7dJd|6s5d/Kh5s4s/Jc/2d:10|-10:Us|Them
STATE:257:cc/cc/cc/cc:9hJs|5c8d/Jh6d3c/4d/6s:10|-10:Them|Us
STATE:258:cc/cc/cc/cc:6dAd|6h7s/4dTs4h/3h/Kh:10|-10:Us|Them
STATE:259:cc/cc/cc/cc:JhTc|9c4s/Qd3sTh/4c/7h:10|-10:Them|Us
STATE:260:cc/cc/cc/cc:7h8s|5cJh/6h4d3h/Kh/7d:-10|10:Us|Them
STATE:261:cc/cc/cc/cc:JhKc|9c7s/3h7d9s/7c/4h:-10|10:Them|Us
STATE:262:cc/cc/cc/cc:8s7s|4cKc/4dKs2d/9h/5h:-10|10:Us|Them
STATE:263:cc/cc/cc/cc:9d2s|5sQh/KsTh9s/2c/3h:10|-10:Them|Us
STATE:264:cc/cc/cc/cc:Jd2d|4dKc/7cKd2h/9c/4s:-10|10:Us|Them
STATE:265:cc/cc/cc/cc:QhKh|9s6s/3sJcKs/2s/Kc:-10|10:Them|Us
STATE:266:cc/cc/cc/cc:7sTs|9d2h/3dAc5h/8c/Qd:10|-10:Us|Them
STATE:267:cc/cc/cc/cc:3cTd|6dQc/5h2s3s/Ah/Js:10|-10:Them|Us
STATE:268:cc/cc/cc/cc:5c4s|9h4d/2dQsQd/9s/5s:-10|10:Us|Them
STATE:269:cc/cc/cc/cc:3d7s|2d9h/TcQhTs/Js/5s:-10|10:Them|Us
STATE:270:cc/cc/cc/cc:9s8h|AsTh/TcQcAc/5h/Ts:-10|10:Us|Them
STATE:271:cc/cc/cc/cc:JcJh|Th4d/5sTs8s/Kh/Jd:10|-10:Them|Us
STATE:272:cc/cc/cc/cc:3s8h|Td5d/5s8sKh/7s/2s:10|-10:Us|Them
STATE:273:cc/cc/cc/cc:7dQh|9dQd/Qc6sKh/Ad/2s:-10|10:Them|Us
STATE:274:cc/cc/cc/cc:9dKh|Tc2h/8d2dKs/As/8c:10|-10:Us|Them
STATE:275:cc/cc/cc/cc:As9d|Ad5s/Ac7cQc/5d/Ts:-10|10:Them|Us
STATE:276:cc/cc/cc/cc:3c2c|ThAc/Tc7sKc/Js/8s:-10|10:Us|Them
STATE:277:cc/cc/cc/cc:Ts7h|Td3s/8cThAh/8d/3h:0|0:Them|Us
STATE:278:cc/cc/cc/cc:Jd5d|3c5s/7d4h6s/Ks/9h:-10|10:Us|Them
STATE:279:cc/cc/cc/cc:Kh3h|TsQc/Kd8s6s/4s/7d:10|-10:Them|Us
STATE:280:cc/cc/cc/cc:4h7h|8sQc/8hQdJd/3h/6c:-10|10:Us|Them
STATE:281:cc/cc/cc/cc:8sQs|4h6d/7sQhAh/Ts/Th:10|-10:Them|Us
STATE:282:cc/cc/cc/cc:As3s|Ks5h/2s5dJh/9s/6h:-10|10:Us|Them
STATE:283:cc/cc/cc/cc:Js7c|9d3s/KcAs3d/5h/3h:-10|10:Them|Us
STATE:284:cc/cc/cc/cc:AhTc|7s2d/7d9hQs/3d/As:10|-10:Us|Them
STATE:285:cc/cc/cc/cc:8h3d|6cQh/AsQdAh/8c/5d:-10|10:Them|Us
STATE:286:cc/cc/cc/cc:Qs6d|8s5c/Ad3d8c/7h/Qc:10|-10:Us|Them
STATE:287:cc/cc/cc/cc:6c6d|8c8s/5dAhQc/3d/2s:-10|10:Them|Us
STATE:288:cc/cc/cc/cc:Ah9h|7c5c/6hKsQs/6c/2h:10|-10:Us|Them
STATE:289:cc/cc/cc/cc:Ac3c|TcKh/2d5c7s/8h/Jh:10|-10:Them|Us
STATE:290:cc/cc/cc/cc:Td5d|6s4d/5s7dQd/Jd/7h:10|-10:Us|Them
STATE:291:cc/cc/cc/cc:9c7c|7s4s/QcJh9s/6s/Qs:-10|10:Them|Us
STATE:292:cc/cc/cc/cc:8hQh|3c9h/AhTd4d/Th/7c:10|-10:Us|Them
STATE:293:cc/cc/cc/cc:2d7c|8hKs/5c9cKc/6c/5s:10|-10:Them|Us
STATE:294:cc/cc/cc/cc:5c3h|6cQc/2s8s8h/Js/Kh:-10|10:Us|Them
STATE:295:cc/cc/cc/cc:Ac2d|Td4d/9hKhAd/4c/Th:-10|10:Them|Us
STATE:296:cc/cc/cc/cc:3sQd|2cQs/5c6d3c/Qc/4d:-10|10:Us|Them
STATE:297:cc/cc/cc/cc:8c8h|QhQc/KhTsTd/2c/5h:-10|10:Them|Us
STATE:298:cc/cc/cc/cc:9c7c|7s6d/TsTdQc/Qh/7d:10|-10:Us|Them
STATE:299:cc/cc/cc/cc:7sKc|2dAd/Jd5dKh/3c/Ks:10|-10:Them|Us
STATE:300:cc/cc/cc/cc:2cQc|KhJd/AsJsTc/Td/Qs:-10|10:Us|Them
STATE:301:cc/cc/cc/cc:5dKd|Qc6h/3s9sJh/Tc/7d:10|-10:Them|Us
STATE:302:cc/cc/cc/cc:3sQc|9c6h/2h7dKd/6s/7c:-10|10:Us|Them
STATE:303:cc/cc/cc/cc:As7c|5hKc/3dTh8s/7d/Ks:-10|10:Them|Us
STATE:304:cc/cc/cc/cc:Js7c|2h6d/4s9c8d/Kc/7h:10|-10:Us|Them
STATE:305:cc/cc/cc/cc:8h6d|2sAs/AdQcQd/Ah/3s:-10|10:Them|Us
STATE:306:cc/cc/cc/cc:JcKs|7s5d/9d3cQh/Jd/4s:10|-10:Us|Them
STATE:307:cc/cc/cc/cc:Js4s|2d7c/9h9s4d/7s/Tc:-10|10:Them|Us
STATE:308:cc/cc/cc/cc:Th2h|Ac5d/Qs8cKh/Ad/9c:-10|10:Us|Them
STATE:309:cc/cc/cc/cc:7hKh|5sQc/TsKs6c/2s/Qd:10|-10:Them|Us
STATE:310:cc/cc/cc/cc:2h2c|5d6c/Kh7h6d/Ac/Td:-10|10:Us|Them
STATE:311:cc/cc/cc/cc:6cAd|QsJh/Kh7hKd/As/8d:10|-10:Them|Us
STATE:312:cc/cc/cc/cc:7h8d|JsKc/7cJhTh/3c/Ah:-10|10:Us|Them
STATE:313:cc/cc/cc/cc:6dQh|3hQd/3d9h7s/8s/5c:10|-10:Them|Us
STATE:314:cc/cc/cc/cc:5d6c|TcAc/7s9s9h/4c/3d:10|-10:Us|Them
STATE:315:cc/cc/cc/cc:2c5d|Qs9c/Th4sJh/Jc/8d:-10|10:Them|Us
STATE:316:cc/cc/cc/cc:Qs2d|3s9d/Kh5c2c/Qd/Ts:10|-10:Us|Them
STATE:317:cc/cc/cc/cc:3h9c|2c4c/3cJh9s/6s/Ad:10|-10:Them|Us
STATE:318:cc/cc/cc/cc:ThJh|Qc6c/Jc2c4h/7h/Kc:-10|10:Us|Them
STATE:319:cc/cc/cc/cc:QdKd|9s8h/6hKc5s/3c/6c:10|-10:Them|Us
STATE:320:cc/cc/cc/cc:5d3h|8cQc/Th7d5h/4s/Jc:10|-10:Us|Them
STATE:321:cc/cc/cc/cc:Td9d|7s4h/3h2hJs/Th/Ad:10|-10:Them|Us
STATE:322:cc/cc/cc/cc:Js6c|Kh7d/6sAsQh/7s/7c:-10|10:Us|Them
STATE:323:cc/cc/cc/cc:Kc8c|7s9c/Js8h3h/Kd/Jc:10|-10:Them|Us
STATE:324:cc/cc/cc/cc:Qd7h|Qs4s/Ts4dJd/9h/5h:-10|10:Us|Them
STATE:325:cc/cc/cc/cc:Jh7d|2d9d/QcAd7h/Th/Td:10|-10:Them|Us
STATE:326:cc/cc/cc/cc:3h5h|2c4d/8sKdAs/Qs/Js:0|0:Us|Them
STATE:327:cc/cc/cc/cc:KhQc|QhAh/3c5d7d/Jd/2h:-10|10:Them|Us
STATE:328:cc/cc/cc/cc:2h8h|QhAs/Kd8c5d/7s/Kc:10|-10:Us|Them
STATE:329:cc/cc/cc/cc:AsTd|Tc3c/TsJhAd/Qh/Kh:0|0:Them|Us
STATE:330:cc/cc/cc/cc:AsQd|7c3s/8d7h6c/3h/Qs:-10|10:Us|Them
STATE:331:cc/cc/cc/cc:8cAc|As3h/9c4s5c/8d/3c:10|-10:Them|Us
STATE:332:cc/cc/cc/cc:Js4h|6h7d/2s8h3h/8c/Kc:10|-10:Us|Them
STATE:333:cc/cc/cc/cc:8cKh|3h9s/6d9h4h/Tc/2h:-10|10:Them|Us
STATE:334:cc/cc/cc/cc:Td4h|8c8h/7d5dJd/Kh/5s:-10|10:Us|Them
STATE:335:cc/cc/cc/cc:7h3d|JsAh/9dQsAc/Jd/Kc:-10|10:Them|Us
STATE:336:cc/cc/cc/cc:Td6s|8cQs/9s2cQd/Ah/3h:-10|10:Us|Them
STATE:337:cc/cc/cc/cc:AdKc|Ah7d/Kd6h2d/6c/5d:10|-10:Them|Us
STATE:338:cc/cc/cc/cc:7dKc|6c3s/7s8d6h/9s/5s:0|0:Us|Them
STATE:339:cc/cc/cc/cc:3d4d|9d4c/9h7d8s/2d/Qs:-10|10:Them|Us
STATE:340:cc/cc/cc/cc:7hJc|4c2d/TcKh8s/Th/9s:10|-10:Us|Them
STATE:341:cc/cc/cc/cc:7dQh|8s9s/Qs9c4d/Jh/6c:10|-10:Them|Us
STATE:342:cc/cc/cc/cc:5d3d|7cJs/4d2c6h/Kh/5c:10|-10:Us|Them
STATE:343:cc/cc/cc/cc:4cKd|4h7c/7hQdKh/9h/4s:10|-10:Them|Us
STATE:344:cc/cc/cc/cc:3sJh|9cTs/QsAd2d/9h/Th:-10|10:Us|Them
STATE:345:cc/cc/cc/cc:8dTh|Td7h/3cJc5c/6h/Qh:10|-10:Them|Us
STATE:346:cc/cc/cc/cc:Td4c|JdQc/JcQh5s/5h/3h:-10|10:Us|Them
STATE:347:cc/cc/cc/cc:6s3c|JdQc/7sTsKh/8s/8c:-10|10:Them|Us
STATE:348:cc/cc/cc/cc:5hKc|3c8d/2h6c2s/Kd/Td:10|-10:Us|Them
STATE:349:cc/cc/cc/cc:Ts8d|AdTd/6c6s9h/6h/Ah:-10|10:Them|Us
STATE:350:cc/cc/cc/cc:QcJs|Ks4h/2s3hKc/3d/9c:-10|10:Us|Them
STATE:351:cc/cc/cc/cc:Jd2c|Td6s/3h5c8h/7h/As:10|-10:Them|Us
STATE:352:cc/cc/cc/cc:3h6s|5sAc/8hAs2d/Js/Qh:-10|10:Us|Them
STATE:353:cc/cc/cc/cc:8s6h|4hTc/4s6d5h/4c/2s:-10|10:Them|Us
STATE:354:cc/cc/cc/cc:As8s|2s2d/5s3sJd/8c/Qs:10|-10:Us|Them
STATE:355:cc/cc/cc/cc:8c9s|Jh9h/3hQh2c/Td/Kc:-10|10:Them|Us
STATE:356:cc/cc/cc/cc:7c5d|2dJd/6cKdTc/8c/6d:-10|10:Us|Them
STATE:357:cc/cc/cc/cc:5h4c|4s3d/4d3c3s/Kd/6c:-10|10:Them|Us
STATE:358:cc/cc/cc/cc:Js4c|Jh7c/JcQs6h/6d/3s:0|0:Us|Them
STATE:359:cc/cc/cc/cc:7d5s|6c9h/Kh7c3c/5c/9s:10|-10:Them|Us
STATE:360:cc/cc/cc/cc:JdJs|9c3c/5sQc2d/7d/4c:10|-10:Us|Them
STATE:361:cc/cc/cc/cc:8cJc|Kd7s/6dAdAs/9s/8h:10|-10:Them|Us
STATE:362:cc/cc/cc/cc:KsAh|7s8s/TsJc9h/3d/7c:-10|10:Us|Them
STATE:363:cc/cc/cc/cc:Td2h|9d3h/5cJsAh/Tc/9c:10|-10:Them|Us
STATE:364:cc/cc/cc/cc:QdTh|9dAd/Ks7d5d/4d/5s:-10|10:Us|Them
STATE:365:cc/cc/cc/cc:TcJd|6d2c/3c8sAc/9c/8h:10|-10:Them|Us
STATE:366:cc/cc/cc/cc:6d2h|2c5d/Qs8h6s/7h/2s:10|-10:Us|Them
STATE:367:cc/cc/cc/cc:3h8c|9s8s/3dKd6s/Kc/2s:10|-10:Them|Us
STATE:368:cc/cc/cc/cc:6d3d|TdQh/4h9cJh/Ac/4d:-10|10:Us|Them
STATE:369:cc/cc/cc/cc:2sKd|4dJd/Qd2d6s/6c/Tc:10|-10:Them|Us
STATE:370:cc/cc/cc/cc:9dTh|7dJc/2s4c9s/4d/As:10|-10:Us|Them
STATE:371:cc/cc/cc/cc:6h9c|9d8c/6cJs7s/5c/2s:-10|10:Them|Us
STATE:372:cc/cc/cc/cc:6dJc|Ah8d/8c9h3s/2d/Qc:-10|10:Us|Them
STATE:373:cc/cc/cc/cc:Qs2c|7cTc/6hKsKh/9s/Td:-10|10:Them|Us
STATE:374:cc/cc/cc/cc:As7h|8dAh/6dThTc/Jc/Qc:0|0:Us|Them
STATE:375:cc/cc/cc/cc:6s6d|Ts7c/Tc3hKd/5d/7d:-10|10:Them|Us
STATE:376:cc/cc/cc/cc:9s8c|Ac6s/7s8sQc/3d/5c:10|-10:Us|Them
STATE:377:cc/cc/cc/cc:9hTd|Ts8c/2d5c7d/9s/Th:10|-10:Them|Us
STATE:378:cc/cc/cc/cc:8hQh|4h5c/2s3d5h/Ts/Kh:-10|10:Us|Them
STATE:379:cc/cc/cc/cc:9s8c|Js9c/Kd9hJd/Ad/6h:-10|10:Them|Us
STATE:380:cc/cc/cc/cc:5d8d|Kh5h/5sTsAc/As/2d:-10|10:Us|Them
STATE:381:cc/cc/cc/cc:7c7d|KsQh/QsJs7h/Kc/As:10|-10:Them|Us
STATE:382:cc/cc/cc/cc:JdJc|6s9s/KcTh3c/7c/7d:10|-10:Us|Them
STATE:383:cc/cc/cc/cc:8d5c|5h5d/8h2h4h/Qs/Js:10|-10:Them|Us
STATE:384:cc/cc/cc/cc:8c4c|8hAh/5c4d8d/6s/2s:10|-10:Us|Them
STATE:385:cc/cc/cc/cc:3h2c|9sAs/Td4sKh/8d/4d:-10|10:Them|Us
STATE:386:cc/cc/cc/cc:2c9h|3hQs/8cAhTh/7s/7d:-10|10:Us|Them
STATE:387:cc/cc/cc/cc:Jc9h|3h6h/5hTs8c/Ac/Tc:10|-10:Them|Us
STATE:388:cc/cc/cc/cc:Th4h|5s7d/Ts6dKh/6s/5c:10|-10:Us|Them
STATE:389:cc/cc/cc/cc:9sJh|2h2c/6h3dAh/Td/5h:-10|10:Them|Us
STATE:390:cc/cc/cc/cc:8h2s|2hKs/7hQhAh/7s/Qd:0|0:Us|Them
STATE:391:cc/cc/cc/cc:5s7c|3s2h/Ac5h4h/Jd/Td:-10|10:Them|Us
STATE:392:cc/cc/cc/cc:Td8c|9s7d/7cAh9h/Ts/8h:10|-10:Us|Them
STATE:393:cc/cc/cc/cc:7cJc|8c8d/3sTdQc/6d/Ts:-10|10:Them|Us
STATE:394:cc/cc/cc/cc:6h7s|8h6d/4hJs3h/Jc/6s:-10|10:Us|Them
STATE:395:cc/cc/cc/cc:Jc3s|8h9s/Ac6cJh/7h/Qh:10|-10:Them|Us
STATE:396:cc/cc/cc/cc:3hJs|Kh2d/Qd7s7d/4s/9h:-10|10:Us|Them
STATE:397:cc/cc/cc/cc:KsTs|Qh5d/Kc6h8c/9d/3s:10|-10:Them|Us
STATE:398:cc/cc/cc/cc:8cJd|4c4d/QcAc2s/Ks/6c:-10|10:Us|Them
STATE:399:cc/cc/cc/cc:4s7d|5d5s/9h8h9s/3d/2s:-10|10:Them|Us
STATE:400:cc/cc/cc/cc:3hAc|AhKd/Jd7s2d/Js/Qs:-10|10:Us|Them
STATE:401:cc/cc/cc/cc:7cQs|JcKd/4hJd4d/4s/5c:-10|10:Them|Us
STATE:402:cc/cc/cc/cc:Qh3c|Js5s/6d9hKd/Jd/8c:-10|10:Us|Them
STATE:403:cc/cc/cc/cc:Ks6h|Qh8d/JsKhTd/As/5h:-10|10:Them|Us
STATE:404:cc/cc/cc/cc:Qc5c|9sKh/Ah5h2d/Kd/3c:-10|10:Us|Them
STATE:405:cc/cc/cc/cc:2h4d|8s8c/5cQs3c/3d/Kc:-10|10:Them|Us
STATE:406:cc/cc/cc/cc:3h9c|4d7h/Jc4c6s/Qs/8h:-10|10:Us|Them
STATE:407:cc/cc/cc/cc:3d8h|4sAh/TdQs4c/Ac/7d:-10|10:Them|Us
STATE:408:cc/cc/cc/cc:Td9s|9c7d/Ks3c3s/Jh/4d:10|-10:Us|Them
STATE:409:cc/cc/cc/cc:7s2h|9sKd/6s3h8d/2d/Ah:10|-10:Them|Us
STATE:410:cc/cc/cc/cc:2d6c|Jc7s/9h9dKd/6s/3d:10|-10:Us|Them
STATE:411:cc/cc/cc/cc:8c4h|9h7d/AcQcKd/5s/5d:0|0:Them|Us
STATE:412:cc/cc/cc/cc:3d5d|Kd2h/9d5cQd/Ac/Qs:10|-10:Us|Them
STATE:413:cc/cc/cc/cc:6d6c|4s2c/2s7hQc/Kh/7c:10|-10:Them|Us
STATE:414:cc/cc/cc/cc:5sQs|4s2c/6sKsAh/Ad/9h:10|-10:Us|Them
STATE:415:cc/cc/cc/cc:Jd4s|8s2c/3s4c5c/Tc/3c:-10|10:Them|Us
STATE:416:cc/cc/cc/cc:AsJs|3h5h/QdKd6h/Jc/Th:10|-10:Us|Them
STATE:417:cc/cc/cc/cc:Qd7s|Kc2d/Ac4d9s/9c/Qc:10|-10:Them|Us
STATE:418:cc/cc/cc/cc:8hQd|3c6h/JsTs6d/Kc/Ac:10|-10:Us|Them
STATE:419:cc/cc/cc/cc:2d8c|Ks8s/Qs9s3c/3h/7h:-10|10:Them|Us
STATE:420:cc/cc/cc/cc:4sJd|JsKs/5d2s3h/Qs/6s:-10|10:Us|Them
STATE:421:cc/cc/cc/cc:TcTh|2h5c/Qc3c7d/Ad/Td:10|-10:Them|Us
STATE:422:cc/cc/cc/cc:8cKh|5cKd/Tc7dTs/Th/5d:-10|10:Us|Them
STATE:423:cc/cc/cc/cc:Ah9h|8d5d/Tc3d4c/6c/Ac:10|-10:Them|Us
STATE:424:cc/cc/cc/cc:3h6d|5cQc/TdJh4s/6s/Tc:10|-10:Us|Them
STATE:425:cc/cc/cc/cc:4d5c|9d6c/6s8cJc/7d/Qh:10|-10:Them|Us
STATE:426:cc/cc/cc/cc:7sTh|4sAs/4d9cQs/Ts/6d:10|-10:Us|Them
STATE:427:cc/cc/cc/cc:Jc5d|Qs5h/KdJdJh/9d/Tc:-10|10:Them|Us
STATE:428:cc/cc/cc/cc:4s2s|Js3h/TdQh2h/5s/Th:10|-10:Us|Them
STATE:429:cc/cc/cc/cc:3s8c|9c5d/5s4d7s/Tc/2h:-10|10:Them|Us
STATE:430:cc/cc/cc/cc:5d4d|2cKc/Kh2sQs/9c/3h:-10|10:Us|Them
STATE:431:cc/cc/cc/cc:7d8s|ThJh/7h7cTd/4d/3s:10|-10:Them|Us
STATE:432:cc/cc/cc/cc:Qd5s|AcTd/Kd2h6c/5d/9d:10|-10:Us|Them
STATE:433:cc/cc/cc/cc:9cAh|3h5h/JhQh5c/Jc/Qc:10|-10:Them|Us
STATE:434:cc/cc/cc/cc:2sTs|Qh8s/6s2d9d/6c/Ah:10|-10:Us|Them
STATE:435:cc/cc/cc/cc:2h5c|JsQs/7s5sQh/3h/6s:-10|10:Them|Us
STATE:436:cc/cc/cc/cc:Ah9d|JcAs/3cQh7d/Qd/6s:-10|10:Us|Them
STATE:437:cc/cc/cc/cc:Qc2d|Kh3h/6h6c5h/9h/7d:-10|10:Them|Us
STATE:438:cc/cc/cc/cc:7dKd|5cQc/6cJhJc/4s/8d:10|-10:Us|Them
STATE:439:cc/cc/cc/cc:Ts3s|Th2c/2d2s4c/3d/7c:-10|10:Them|Us
STATE:440:cc/cc/cc/cc:Jd8d|8c3h/QhJs2d/Td/6d:10|-10:Us|Them
STATE:441:cc/cc/cc/cc:Jc6c|JdQs/5d3h9h/Qd/6d:-10|10:Them|Us
STATE:442:cc/cc/cc/cc:4s3s|2hAh/QdKh9d/Tc/Kc:-10|10:Us|Them
STATE:443:cc/cc/cc/cc:Ah2d|Qc9h/Kc8d4h/Ks/Qh:-10|10:Them|Us
STATE:444:cc/cc/cc/cc:KdTc|9d6s/Js4c8s/8d/4s:10|-10:Us|Them
STATE:445:cc/cc/cc/cc:6cKc|5sJs/7s7c2c/3c/8s:10|-10:Them|Us
STATE:446:cc/cc/cc/cc:Kd5s|6hJc/JhAd3c/Tc/Ah:-10|10:Us|Them
STATE:447:cc/cc/cc/cc:AcJh|As6h/5d2s7s/8c/Qs:10|-10:Them|Us
STATE:448:cc/cc/cc/cc:8c7d|4dQs/4h8dAh/5c/Td:10|-10:Us|Them
STATE:449:cc/cc/cc/cc:Td5d|KcAh/5c7cJh/9c/8d:10|-10:Them|Us
STATE:450:cc/cc/cc/cc:Jd4c|5c7d/JcJhTs/Kh/Qh:10|-10:Us|Them
STATE:451:cc/cc/cc/cc:Th5h|6dKs/9hAc4d/9c/9s:-10|10:Them|Us
STATE:452:cc/cc/cc/cc:Kh8c|3dTd/6sTcJc/Jd/7d:-10|10:Us|Them
STATE:453:cc/cc/cc/cc:Qd5h|Ah8s/5dTc6c/Th/3h:10|-10:Them|Us
STATE:454:cc/cc/cc/cc:9s3c|7cQc/9hTdKs/Ts/Qh:-10|10:Us|Them
STATE:455:cc/cc/cc/cc:5sAs|TdTc/4d2dJc/8d/Th:-10|10:Them|Us
STATE:456:cc/cc/cc/cc:KsKd|8cTh/2d6c2c/5c/7h:10|-10:Us|Them
STATE:457:cc/cc/cc/cc:9c6h|Qd7d/4sKhJc/9s/Ac:10|-10:Them|Us
STATE:458:cc/cc/cc/cc:5c9h|9d5d/6cTh3d/Qh/4s:0|0:Us|Them
STATE:459:cc/cc/cc/cc:8sAd|3hJh/6c8d3d/2s/2c:10|-10:Them|Us
STATE:460:cc/cc/cc/cc:8sJc|5d7d/Jh7c5h/Ad/7h:-10|10:Us|Them
STATE:461:cc/cc/cc/cc:5c4h|KdJc/Js6h3s/Tc/Ac:-10|10:Them|Us
STATE:462:cc/cc/cc/cc:7sJc|4h2s/2hQs5h/2c/7d:-10|10:Us|Them
STATE:463:cc/cc/cc/cc:Ah4d|3cKs/2s4sJc/8c/Qh:10|-10:Them|Us
STATE:464:cc/cc/cc/cc:Kc7h|5h7d/Js9c5s/8d/4h:-10|10:Us|Them
STATE:465:cc/cc/cc/cc:2cTs|6c3c/5cAcQc/Th/Qd:-10|10:Them|Us
STATE:466:cc/cc/cc/cc:9s9h|JsAd/5s6c4d/8d/Kc:10|-10:Us|Them
STATE:467:cc/cc/cc/cc:8h9s|Kd6d/3dTh9c/Jc/Ad:10|-10:Them|Us
STATE:468:cc/cc/cc/cc:Qc3c|2s8c/Jc4h6d/7h/Ac:10|-10:Us|Them
STATE:469:cc/cc/cc/cc:4h9c|Qh3d/5h7sJd/2c/Td:-10|10:Them|Us
STATE:470:cc/cc/cc/cc:5cTs|7h9s/8dTcQs/3c/Ac:10|-10:Us|Them
STATE:471:cc/cc/cc/cc:JhTh|3s9h/6cKs4h/2d/Qs:10|-10:Them|Us
STATE:472:cc/cc/cc/cc:8sQc|Kh7c/5dAh8c/9h/4c:10|-10:Us|Them
STATE:473:cc/cc/cc/cc:4sKd|4d5c/8s5s9d/Ah/Qs:-10|10:Them|Us
STATE:474:cc/cc/cc/cc:7dJh|3hTh/2d8hTc/Kh/Td:-10|10:Us|Them
STATE:475:cc/cc/cc/cc:4sKs|6h7c/Ts2dTc/2s/Kc:10|-10:Them|Us
STATE:476:cc/cc/cc/cc:Qc4c|4h7c/8d3c9d/Qh/Td:10|-10:Us|Them
STATE:477:cc/cc/cc/cc:8s5s|5hAc/Td9hJs/6d/Kh:-10|10:Them|Us
STATE:478:cc/cc/cc/cc:Td8c|4c2d/Qh8d2c/Qc/Js:10|-10:Us|Them
STATE:479:cc/cc/cc/cc:9h6s|5hTd/Qd7c5d/Kh/3s:-10|10:Them|Us
STATE:480:cc/cc/cc/cc:9h6h|Kc2d/8d5cKd/Th/6c:-10|10:Us|Them
STATE:481:cc/cc/cc/cc:2sQc|2d8s/As5hKc/8c/Jc:-10|10:Them|Us
STATE:482:cc/cc/cc/cc:AdTd|7h5d/Kd6c3c/7s/3h:-10|10:Us|Them
STATE:483:cc/cc/cc/cc:5c5h|3c3h/4h5d4c/Td/7h:10|-10:Them|Us
STATE:484:cc/cc/cc/cc:5cQh|QsTc/4s7hTd/4c/2h:-10|10:Us|Them
STATE:485:cc/cc/cc/cc:As4h|9cQs/2s8d7h/Jc/2c:10|-10:Them|Us
STATE:486:cc/cc/cc/cc:5s8s|5d6c/2h9dKs/2c/Th:0|0:Us|Them
STATE:487:cc/cc/cc/cc:Kd6c|QdAs/4dKhTs/7h/4h:10|-10:Them|Us
STATE:488:cc/cc/cc/cc:AhKc|3cKd/9c5cQs/3s/As:10|-10:Us|Them
STATE:489:cc/cc/cc/cc:QhKc|9c2d/3hThAd/7h/Kh:10|-10:Them|Us
STATE:490:cc/cc/cc/cc:Qd3s|QcJc/Ac3dAs/2h/9c:10|-10:Us|Them
STATE:491:cc/cc/cc/cc:8d2h|Kh2s/Jd3c6h/8c/Ad:10|-10:Them|Us
STATE:492:cc/cc/cc/cc:Qh6c|5d4c/Td9sAc/5s/Jh:-10|10:Us|Them
STATE:493:cc/cc/cc/cc:Ac9d|2h3c/Kd7c4c/2c/3s:-10|10:Them|Us
STATE:494:cc/cc/cc/cc:QdJc|7hTh/3cAd9s/3s/Js:10|-10:Us|Them
STATE:495:cc/cc/cc/cc:Ac6h|7c2c/KcAd3c/6s/4c:-10|10:Them|Us
STATE:496:cc/cc/cc/cc:4s6s|7d2c/Tc4cTd/9s/Kh:10|-10:Us|Them
STATE:497:cc/cc/cc/cc:Jd9h|7h3s/6s3h4h/Qc/3c:-10|10:Them|Us
STATE:498:cc/cc/cc/cc:4d5d|7s9d/6dQs3d/Ah/7d:10|-10:Us|Them
STATE:499:cc/cc/cc/cc:2c9c|KhQs/2hQc6c/3d/Qd:-10|10:Them|Us
STATE:500:cc/cc/cc/cc:9d2d|Th6h/4s3s6s/Jh/Js:-10|10:Us|Them
STATE:501:cc/cc/cc/cc:3h5c|Qc9c/3cJhTc/6h/Js:10|-10:Them|Us
STATE:502:cc/cc/cc/cc:5s7h|9s3d/Kc9d8d/Js/4h:-10|10:Us|Them
STATE:503:cc/cc/cc/cc:3c5c|Kd2h/AhTc3s/As/Qs:10|-10:Them|Us
STATE:504:cc/cc/cc/cc:9dAd|6d7c/2c8cJh/4c/8d:10|-10:Us|Them
STATE:505:cc/cc/cc/cc:3c8h|Jh7c/Ac4d7d/5c/6h:10|-10:Them|Us
STATE:506:cc/cc/cc/cc:9h6s|QcAc/AsJc2c/9d/Kc:-10|10:Us|Them
STATE:507:cc/cc/cc/cc:4h4s|7dKh/5d9cQc/Js/7h:-10|10:Them|Us
STATE:508:cc/cc/cc/cc:6sJs|QhQc/6cTh3d/8s/9d:-10|10:Us|Them
STATE:509:cc/cc/cc/cc:8cKd|5dJs/4d9s8d/Ah/Jd:-10|10:Them|Us
STATE:510:cc/cc/cc/cc:Qd5h|Ts4s/3sAcTc/2s/Qs:-10|10:Us|Them
STATE:511:cc/cc/cc/cc:Qh8h|9s5s/6s4c3h/9c/8d:-10|10:Them|Us
STATE:512:cc/cc/cc/cc:6c9s|8cTc/Kc2s2c/6h/3c:-10|10:Us|Them
STATE:513:cc/cc/cc/cc:3hTh|2h2c/7cJd8s/Kd/2d:-10|10:Them|Us
STATE:514:cc/cc/cc/cc:9d5d|QsTh/Jc4s6c/9s/Td:-10|10:Us|Them
STATE:515:cc/cc/cc/cc:2cJc|Qd5h/QhTsQs/7s/7c:-10|10:Them|Us
STATE:516:cc/cc/cc/cc:5c6c|JsAd/Ac8c5d/Qc/9s:10|-10:Us|Them
STATE:517:cc/cc/cc/cc:Kd3h|8sKc/Ah4c3d/Jc/Th:10|-10:Them|Us
STATE:518:cc/cc/cc/cc:5c2h|ThTc/Jc8c6s/Td/4h:-10|10:Us|Them
STATE:519:cc/cc/cc/cc:6c9d|2s3d/2h8dQs/Ts/8c:-10|10:Them|Us
STATE:520:cc/cc/cc/cc:2s9h|2c4d/6c5hJd/8h/3h:-10|10:Us|Them
STATE:521:cc/cc/cc/cc:8d4d|JcTd/2h3d7s/2d/Js:-10|10:Them|Us
STATE:522:cc/cc/cc/cc:Ac3s|TdJc/5c3c6d/Kc/Ah:10|-10:Us|Them
STATE:523:cc/cc/cc/cc:3d7s|4d5h/8s9s3h/Tc/4s:-10|10:Them|Us
STATE:524:cc/cc/cc/cc:3cJd|KdAs/Qh2hJh/2c/3s:10|-10:Us|Them
STATE:525:cc/cc/cc/cc:AdKs|8cKd/5h2h4c/2s/8h:-10|10:Them|Us
STATE:526:cc/cc/cc/cc:2s5d|ThQs/5hAdJc/Ts/Qh:-10|10:Us|Them
STATE:527:cc/cc/cc/cc:9h3h|AdJc/Td3s5d/2h/2c:10|-10:Them|Us
STATE:528:cc/cc/cc/cc:8h3d|4s5c/Td3sQs/Ks/Ts:-10|10:Us|Them
STATE:529:cc/cc/cc/cc:KhQh|6c7h/Qc5h9h/7s/Qd:10|-10:Them|Us
STATE:530:cc/cc/cc/cc:Kc2d|KsAd/Ah9d4s/7d/7h:-10|10:Us|Them
STATE:531:cc/cc/cc/cc:7c6d|Ad7s/3sKc3h/7d/4c:-10|10:Them|Us
STATE:532:cc/cc/cc/cc:9h3d|6hQc/4hAhKh/4s/2d:-10|10:Us|Them
STATE:533:cc/cc/cc/cc:Kh2c|6sAh/4sQc9d/3c/6d:-10|10:Them|Us
STATE:534:cc/cc/cc/cc:3h6h|3c7s/5hTs4c/6d/Jh:-10|10:Us|Them
STATE:535:cc/cc/cc/cc:Ah5h|8cAc/2h8h9s/Ts/Js:-10|10:Them|Us
STATE:536:cc/cc/cc/cc:Qh9c|3h2d/Qd5dQc/Jh/Kh:10|-10:Us|Them
STATE:537:cc/cc/cc/cc:8hJc|4hQc/Ks8cAs/Ts/2c:10|-10:Them|Us
STATE:538:cc/cc/cc/cc:7d4d|2s6c/8c8sQc/Kc/Jc:-10|10:Us|Them
STATE:539:cc/cc/cc/cc:4c5s|7h8d/9s9h8c/7c/Jh:-10|10:Them|Us
STATE:540:cc/cc/cc/cc:4d5s|6cTs/AhJd7d/7c/2c:-10|10:Us|Them
STATE:541:cc/cc/cc/cc:Th3s|6h4h/Td2cAh/Kh/7s:10|-10:Them|Us
STATE:542:cc/cc/cc/cc:8s8d|Qd3s/9h3d8h/5h/Ts:10|-10:Us|Them
STATE:543:cc/cc/cc/cc:5h6c|Jh6d/8sQh9c/3s/7d:10|-10:Them|Us
STATE:544:cc/cc/cc/cc:QcQh|6d3s/Jd4cTc/Td/9d:10|-10:Us|Them
STATE:545:cc/cc/cc/cc:TdKc|8d5c/As9hAd/2d/2h:10|-10:Them|Us
STATE:546:cc/cc/cc/cc:7s7d|QhAc/6dQs4c/Jd/5c:-10|10:Us|Them
STATE:547:cc/cc/cc/cc:Td6s|Ad6h/AhQd9d/Ts/3d:-10|10:Them|Us
STATE:548:cc/cc/cc/cc:6d2c|Kh8c/2hQc3h/5c/8s:-10|10:Us|Them
STATE:549:cc/cc/cc/cc:AhKc|JdKd/QdTh9c/Ad/Qc:-10|10:Them|Us
STATE:550:cc/cc/cc/cc:4cJd|QdAd/Td4s9s/Jh/8s:-10|10:Us|Them
STATE:551:cc/cc/cc/cc:3dJh|9sQc/6h5c6c/7h/8s:-10|10:Them|Us
STATE:552:cc/cc/cc/cc:Kh4s|8c7h/3d6s3s/Qs/8h:-10|10:Us|Them
STATE:553:cc/cc/cc/cc:6cJd|3d2s/Ah6sTc/Kh/5c:10|-10:Them|Us
STATE:554:cc/cc/cc/cc:5s2d|QdTs/Kd8h7d/8s/Kc:-10|10:Us|Them
STATE:555:cc/cc/cc/cc:As2h|4sTc/2s7dKs/4h/Kh:-10|10:Them|Us
STATE:556:cc/cc/cc/cc:5s9h|Qd7s/8h9d5c/Kc/As:10|-10:Us|Them
STATE:557:cc/cc/cc/cc:4h5c|2cKd/7d7h6c/2h/8d:10|-10:Them|Us
STATE:558:cc/cc/cc/cc:2hKd|AsAd/Jd9s2c/8c/2s:10|-10:Us|Them
STATE:559:cc/cc/cc/cc:KcKd|7hJs/9cAs8h/7d/9h:10|-10:Them|Us
STATE:560:cc/cc/cc/cc:9dJs|2d8s/QdQhAs/4h/9h:10|-10:Us|Them
STATE:561:cc/cc/cc/cc:2dTh|2sTs/Kh5dTc/7d/7c:0|0:Them|Us
STATE:562:cc/cc/cc/cc:3h8c|2s5s/9s4cKh/Qd/9d:10|-10:Us|Them
STATE:563:cc/cc/cc/cc:9c5h|7d6d/4c6h9s/Jh/3h:10|-10:Them|Us
STATE:564:cc/cc/cc/cc:5h8h|2dAs/8cKs6h/Ts/Kc:10|-10:Us|Them
STATE:565:cc/cc/cc/cc:4h3d|Jh8h/2c5s5h/6d/Td:10|-10:Them|Us
STATE:566:cc/cc/cc/cc:7cQc|3s8d/2s2h7h/5c/2c:10|-10:Us|Them
STATE:567:cc/cc/cc/cc:5dKh|8s7s/As2sTc/3c/3h:10|-10:Them|Us
STATE:568:cc/cc/cc/cc:7dKd|3c6s/QsQhAs/8d/Ks:10|-10:Us|Them
STATE:569:cc/cc/cc/cc:Ah4s|Ts6s/4dTd5c/2d/6c:-10|10:Them|Us
STATE:570:cc/cc/cc/cc:Js7c|Tc8h/8cJh7d/5c/5h:10|-10:Us|Them
STATE:571:cc/cc/cc/cc:9sQc|8d7c/5d9c2d/4s/5h:10|-10:Them|Us
STATE:572:cc/cc/cc/cc:3dKd|8d5s/4cTcQd/3s/7h:10|-10:Us|Them
STATE:573:cc/cc/cc/cc:Qc3c|9cTd/4sTh6s/6h/Js:-10|10:Them|Us
STATE:574:cc/cc/cc/cc:Js9h|Kh3c/QhJdAs/2d/2c:10|-10:Us|Them
STATE:575:cc/cc/cc/cc:4s2c|6s8c/7h3s9c/2s/Js:10|-10:Them|Us
STATE:576:cc/cc/cc/cc:3s6h|6s8c/5hKsKc/As/9d:-10|10:Us|Them
STATE:577:cc/cc/cc/cc:3dTs|Tc7d/AsKhJc/Qc/6h:0|0:Them|Us
STATE:578:cc/cc/cc/cc:2d5c|3cQc/6sKs6h/Qd/5h:-10|10:Us|Them
STATE:579:cc/cc/cc/cc:3h7d|9d6s/9c8sTd/4h/Qc:-10|10:Them|Us
STATE:580:cc/cc/cc/cc:4dQh|8c5c/9hKc2d/9d/Qs:10|-10:Us|Them
STATE:581:cc/cc/cc/cc:Qc4d|8c7d/Qd8hTh/4s/5s:10|-10:Them|Us
STATE:582:cc/cc/cc/cc:8dQs|3hQd/3cKc6d/Td/Qc:-10|10:Us|Them
STATE:583:cc/cc/cc/cc:9h3d|9c5d/As7s2c/5h/2s:-10|10:Them|Us
STATE:584:cc/cc/cc/cc:Qh8h|7s4c/Tc3cJh/Js/Ts:10|-10:Us|Them
STATE:585:cc/cc/cc/cc:5h4s|9sQd/2c6d7d/Tc/6c:-10|10:Them|Us
STATE:586:cc/cc/cc/cc:3h7s|Js5s/Th9cTd/9s/As:0|0:Us|Them
STATE:587:cc/cc/cc/cc:5cTc|4d3h/9sJc9d/Qd/6h:10|-10:Them|Us
STATE:588:cc/cc/cc/cc:Qh8s|9s2h/4c3h7d/Kc/3s:10|-10:Us|Them
STATE:589:cc/cc/cc/cc:Ad6s|Js8s/5dTs6c/9s/3d:10|-10:Them|Us
STATE:590:cc/cc/cc/cc:Jh8s|TcQs/4hJd3h/9s/6c:10|-10:Us|Them
STATE:591:cc/cc/cc/cc:7cTs|AhJs/9h3dQd/2h/3c:-10|10:Them|Us
STATE:592:cc/cc/cc/cc:JcJh|KdAh/9dKc8d/4c/9c:-10|10:Us|Them
STATE:593:cc/cc/cc/cc:Qs2c|Jd6s/Js3dKs/Kc/8h:-10|10:Them|Us
STATE:594:cc/cc/cc/cc:6sQs|9dJh/7sAsTh/5c/5d:10|-10:Us|Them
STATE:595:cc/cc/cc/cc:6h8h|9h2d/2hJd5d/3d/Tc:-10|10:Them|Us
STATE:596:cc/cc/cc/cc:3sQc|4c2c/Ts8sTd/5s/Ah:10|-10:Us|Them
STATE:597:cc/cc/cc/cc:7sQd|Ac6s/6h9dJc/Jh/Kc:-10|10:Them|Us
STATE:598:cc/cc/cc/cc:3cJd|JsAs/9dAh9s/3d/Ks:-10|10:Us|Them
STATE:599:cc/cc/cc/cc:3dTc|8s9s/KdKc2d/5d/Ts:10|-10:Them|Us
STATE:600:cc/cc/cc/cc:4h8d|4dKh/3s9h7d/9c/Kc:-10|10:Us|Them
STATE:601:cc/cc/cc/cc:TsKh|Qh6h/Td9h8s/9c/Ac:10|-10:Them|Us
STATE:602:cc/cc/cc/cc:4d3s|4sJh/8sTs5c/4c/As:-10|10:Us|Them
STATE:603:cc/cc/cc/cc:6sJc|Kc3d/As5s7c/Td/9c:-10|10:Them|Us
STATE:604:cc/cc/cc/cc:Qs4s|8c6s/4d7s7c/Qc/Kd:10|-10:Us|Them
STATE:605:cc/cc/cc/cc:Kh7c|5sQs/Kd6s2c/9c/2d:10|-10:Them|Us
STATE:606:cc/cc/cc/cc:5hAh|8hTh/3s4sTd/6s/As:10|-10:Us|Them
STATE:607:cc/cc/cc/cc:8dQh|6s8c/Tc9h2d/5h/3h:10|-10:Them|Us
STATE:608:cc/cc/cc/cc:3h9d|3sAh/Qc7c8d/6s/Td:10|-10:Us|Them
STATE:609:cc/cc/cc/cc:KsJc|6s4d/7cJd9s/6c/Td:10|-10:Them|Us
STATE:610:cc/cc/cc/cc:Qc7s|7d8s/5cAs8c/6c/9h:0|0:Us|Them
STATE:611:cc/cc/cc/cc:9h5d|2s3d/Th8c5c/Jd/Jh:10|-10:Them|Us
STATE:612:cc/cc/cc/cc:7cJc|TcQs/9h9cJd/4s/Kh:-10|10:Us|Them
STATE:613:cc/cc/cc/cc:3d9s|4s2d/Ts6h4d/7h/Qh:-10|10:Them|Us
STATE:614:cc/cc/cc/cc:KcQd|7hTd/Th9h5d/Qs/3h:10|-10:Us|Them
STATE:615:cc/cc/cc/cc:Td4h|8c9s/TcAs7d/Jh/9h:-10|10:Them|Us
STATE:616:cc/cc/cc/cc:5h6h|Th3s/5dTd4s/Jc/Ah:-10|10:Us|Them
STATE:617:cc/cc/cc/cc:TdQd|Kd6s/Qs5h9s/2h/3c:10|-10:Them|Us
STATE:618:cc/cc/cc/cc:AhQh|7cQd/QcKh2h/7h/2d:10|-10:Us|Them
STATE:619:cc/cc/cc/cc:2h7c|5hKs/AhJs5s/Th/2s:-10|10:Them|Us
STATE:620:cc/cc/cc/cc:8hKc|9s8s/Kd5sQd/5d/Th:10|-10:Us|Them
STATE:621:cc/cc/cc/cc:9sTd|KdJs/3dQc3h/2h/4h:-10|10:Them|Us
STATE:622:cc/cc/cc/cc:2s4c|Jd5c/8h4hQs/7h/4d:10|-10:Us|Them
STATE:623:cc/cc/cc/cc:Js9s|9d6h/8cAc8s/Ad/Ah:0|0:Them|Us
STATE:624:cc/cc/cc/cc:4hKd|7h8s/Ts7d4s/3h/8c:-10|10:Us|Them
STATE:625:cc/cc/cc/cc:9h6c|4h7d/As8h3d/Ac/6s:10|-10:Them|Us
STATE:626:cc/cc/cc/cc:AcQd|2s8c/Qs3hKs/Ah/9s:10|-10:Us|Them
STATE:627:cc/cc/cc/cc:9sAc|3cKh/Kc5s8h/2h/9h:-10|10:Them|Us
STATE:628:cc/cc/cc/cc:8d4c|5c8s/9dAs5h/2c/7h:-10|10:Us|Them
STATE:629:cc/cc/cc/cc:3hJc|2d5h/Jd2hKd/Qs/9d:10|-10:Them|Us
STATE:630:cc/cc/cc/cc:JsTs|QsAd/4d7d6c/Qh/9d:-10|10:Us|Them
STATE:631:cc/cc/cc/cc:7s9h|Td8c/3dQh2s/Ah/8d:-10|10:Them|Us
STATE:632:cc/cc/cc/cc:6d4s|8cTh/Td9c9d/Kd/Ah:-10|10:Us|Them
STATE:633:cc/cc/cc/cc:8c9c|Ah8s/Jc2h3h/Qh/6h:-10|10:Them|Us
STATE:634:cc/cc/cc/cc:8c6c|9dAs/8h2sJh/Td/Qh:-10|10:Us|Them
STATE:635:cc/cc/cc/cc:4h9c|KcAs/3dKd5s/8d/Js:-10|10:Them|Us
STATE:636:cc/cc/cc/cc:Qc6c|2cTc/AhKdAs/Qs/Ac:10|-10:Us|Them
STATE:637:cc/cc/cc/cc:9dJd|Th9c/3hAs4s/Ad/9s:10|-10:Them|Us
STATE:638:cc/cc/cc/cc:Ac3c|7d3s/4h6c8d/6s/9s:10|-10:Us|Them
STATE:639:cc/cc/cc/cc:5dQh|8c4h/8s7h7c/Jh/2c:-10|10:Them|Us
STATE:640:cc/cc/cc/cc:7d8h|AsKs/3hJh4c/Th/8c:10|-10:Us|Them
STATE:641:cc/cc/cc/cc:AsKd|AhTc/4c5h2s/2d/2c:10|-10:Them|Us
STATE:642:cc/cc/cc/cc:2sAd|3d6s/5h7h8d/6d/7c:-10|10:Us|Them
STATE:643:cc/cc/cc/cc:8h2d|Kc8d/3c6dTh/6h/2h:10|-10:Them|Us
STATE:644:cc/cc/cc/cc:3sJd|3h5d/QsKd8s/4d/2d:10|-10:Us|Them
STATE:645:cc/cc/cc/cc:9h8h|4dAd/2hQc5h/5s/7h:10|-10:Them|Us
STATE:646:cc/cc/cc/cc:Kd6h|9d4h/9c7s8h/Qd/8c:-10|10:Us|Them
STATE:647:cc/cc/cc/cc:JcTd|3hKd/Jh9dAd/9c/Tc:10|-10:Them|Us
STATE:648:cc/cc/cc/cc:KcKd|3c2s/3d6h7c/Jh/8c:10|-10:Us|Them
STATE:649:cc/cc/cc/cc:Ah5c|Kc5h/5sQs4s/7d/6h:10|-10:Them|Us
STATE:650:cc/cc/cc/cc:9hJs|QhKh/3c2c7d/9d/9c:10|-10:Us|Them
STATE:651:cc/cc/cc/cc:5dQd|4h9h/Ac7hJc/Kh/Qs:10|-10:Them|Us
STATE:652:cc/cc/cc/cc:Jc4c|KdJh/7hKsTc/8d/9c:0|0:Us|Them
STATE:653:cc/cc/cc/cc:Kd8h|Tc5d/Qh6s7h/Js/Qs:10|-10:Them|Us
STATE:654:cc/cc/cc/cc:6sJh|8hQc/9h4s7c/7s/As:-10|10:Us|Them
STATE:655:cc/cc/cc/cc:As6d|5h2s/4s6s9d/Qh/7s:10|-10:Them|Us
STATE:656:cc/cc/cc/cc:QhKs|9h5h/6d2d7h/Qc/4s:10|-10:Us|Them
STATE:657:cc/cc/cc/cc:Ks3c|4h8s/JhKdQd/9s/Th:0|0:Them|Us
STATE:658:cc/cc/cc/cc:QcQd|8d5s/7sAdTh/7c/2h:10|-10:Us|Them
STATE:659:cc/cc/cc/cc:Kh2d|5d2h/TdAd6c/Jh/3s:10|-10:Them|Us
STATE:660:cc/cc/cc/cc:6sTc|4d9s/Ah2cKh/3s/3c:10|-10:Us|Them
STATE:661:cc/cc/cc/cc:5h3s|Jc9c/Qd7cKs/Kd/Qs:-10|10:Them|Us
STATE:662:cc/cc/cc/cc:Ac7s|Kd3d/Ts6d8h/9s/Ks:10|-10:Us|Them
STATE:663:cc/cc/cc/cc:3c8h|QhJd/9c4d6c/As/Ac:-10|10:Them|Us
STATE:664:cc/cc/cc/cc:6cAh|8h2d/7hQdQs/2h/3c:-10|10:Us|Them
STATE:665:cc/cc/cc/cc:3s7c|Tc7d/9cKd5c/Kh/7s:-10|10:Them|Us
STATE:666:cc/cc/cc/cc:6s8d|7hKd/Td8sQd/Ah/2c:10|-10:Us|Them
STATE:667:cc/cc/cc/cc:4s7h|Jh7s/5d2s5c/4c/3d:10|-10:Them|Us
STATE:668:cc/cc/cc/cc:9sQh|3d5d/8h7hAc/6s/Td:10|-10:Us|Them
STATE:669:cc/cc/cc/cc:KsQc|Td7s/4s5s3s/8h/Qd:10|-10:Them|Us
STATE:670:cc/cc/cc/cc:8hQd|4h2c/4sTs7d/7s/Td:10|-10:Us|Them
STATE:671:cc/cc/cc/cc:KdAs|Ad3c/2s7s9c/Jc/Td:10|-10:Them|Us
STATE:672:cc/cc/cc/cc:9s5s|Qs7d/Qc7s8c/Ts/8s:10|-10:Us|Them
STATE:673:cc/cc/cc/cc:6s4h|Ts9d/2dAc7s/9s/2c:-10|10:Them|Us
STATE:674:cc/cc/cc/cc:8c2h|Td8s/4dKd9s/Qh/5s:-10|10:Us|Them
STATE:675:cc/cc/cc/cc:8cJd|Qd5d/QhQcAh/3d/9s:-10|10:Them|Us
STATE:676:cc/cc/cc/cc:Jh8c|7hJd/2h9dKd/Ah/2c:0|0:Us|Them
STATE:677:cc/cc/cc/cc:9s3s|8s5d/5c8d2c/9c/Ad:-10|10:Them|Us
STATE:678:cc/cc/cc/cc:Tc4h|6hAc/Qs3h7s/8h/Jd:-10|10:Us|Them
STATE:679:cc/cc/cc/cc:AcTc|Ah2d/8c2h9c/4h/Td:10|-10:Them|Us
STATE:680:cc/cc/cc/cc:Kh2s|4s4d/8dAc2c/5d/7c:-10|10:Us|Them
STATE:681:cc/cc/cc/cc:6d4c|Qh7c/3c7hKh/8s/6c:-10|10:Them|Us
STATE:682:cc/cc/cc/cc:7c8h|7d2s/9dJhKs/4c/2c:-10|10:Us|Them
STATE:683:cc/cc/cc/cc:2dTc|AhKd/4sJs3d/Ks/4h:-10|10:Them|Us
STATE:684:cc/cc/cc/cc:3dAh|Kd8h/KsQs4c/4s/8d:-10|10:Us|Them
STATE:685:cc/cc/cc/cc:4s6s|Qc7d/Qh7c5d/Td/2h:-10|10:Them|Us
STATE:686:cc/cc/cc/cc:As4h|9s5c/Ks5hKh/8c/7h:-10|10:Us|Them
STATE:687:cc/cc/cc/cc:JhTh|2hQh/6s5h2c/Ah/6d:-10|10:Them|Us
STATE:688:cc/cc/cc/cc:9h7s|6h6d/7d9dQc/Kh/4s:10|-10:Us|Them
STATE:689:cc/cc/cc/cc:Ks8s|Qs4s/7hKh8c/3c/3s:10|-10:Them|Us
STATE:690:cc/cc/cc/cc:7dQd|Td9s/6dTs3h/4s/6c:-10|10:Us|Them
STATE:691:cc/cc/cc/cc:2h5h|2d2s/TdJsAh/Jc/7c:-10|10:Them|Us
STATE:692:cc/cc/cc/cc:Js6d|3h5h/7hKh4c/Td/Qh:-10|10:Us|Them
STATE:693:cc/cc/cc/cc:6d5c|KsAd/Ts2h6h/5s/7d:10|-10:Them|Us
STATE:694:cc/cc/cc/cc:2c3c|Qh7h/AsJs7d/Td/Kd:-10|10:Us|Them
STATE:695:cc/cc/cc/cc:2c8d|8c8s/8h4d9s/9d/4h:-10|10:Them|Us
STATE:696:cc/cc/cc/cc:7s5h|2hKs/KdQhJs/4s/Jd:-10|10:Us|Them
STATE:697:cc/cc/cc/cc:2h3d|JdKh/Ad5sKs/Ac/4c:10|-10:Them|Us
STATE:698:cc/cc/cc/cc:5dTs|8c7c/6d2dKs/Js/6c:10|-10:Us|Them
STATE:699:cc/cc/cc/cc:5h8s|8hQd/7c4c3c/Jc/2c:0|0:Them|Us
STATE:700:cc/cc/cc/cc:6dQh|6cTs/7h3c7s/4h/3s:10|-10:Us|Them
STATE:701:cc/cc/cc/cc:9c7c|4sJd/8s8cKd/7h/Ks:-10|10:Them|Us
STATE:702:cc/cc/cc/cc:2c7c|5h2h/3dTsAc/7s/Jc:10|-10:Us|Them
STATE:703:cc/cc/cc/cc:7h5d|KhKc/Jh2d8d/9c/7d:-10|10:Them|Us
STATE:704:cc/cc/cc/cc:3cJh|6h7d/Kh7cAc/8d/Th:-10|10:Us|Them
STATE:705:cc/cc/cc/cc:JdTh|8sAc/7c3c3h/5s/Ks:-10|10:Them|Us
STATE:706:cc/cc/cc/cc:3cAh|5d6h/9s4c8c/Jc/3h:10|-10:Us|Them
STATE:707:cc/cc/cc/cc:Ah8h|QsAd/7h4dKh/2h/5d:10|-10:Them|Us
STATE:708:cc/cc/cc/cc:Ks3d|TsJd/8s8c6d/5d/Qh:10|-10:Us|Them
STATE:709:cc/cc/cc/cc:5d9c|ThAd/Qc6c2s/8s/Ac:-10|10:Them|Us
STATE:710:cc/cc/cc/cc:4cTh|Js8d/7s8hQd/4h/5d:-10|10:Us|Them
STATE:711:cc/cc/cc/cc:6sJd|6h3d/Kd5dAc/Tc/6d:10|-10:Them|Us
STATE:712:cc/cc/cc/cc:Ks5d|8d2h/KhAs4c/8s/Kc:10|-10:Us|Them
STATE:713:cc/cc/cc/cc:4hTc|4c5s/Js9sAs/4d/Ts:-10|10:Them|Us
STATE:714:cc/cc/cc/cc:2d5h|Th9c/8h9dTc/8c/Qd:-10|10:Us|Them
STATE:715:cc/cc/cc/cc:Ad3c|7h8h/4d7sJs/3h/6d:-10|10:Them|Us
STATE:716:cc/cc/cc/cc:As4s|Qd3d/7s3cKc/5c/9c:-10|10:Us|Them
STATE:717:cc/cc/cc/cc:Ad2c|As4d/3hAh9h/Jc/4h:-10|10:Them|Us
STATE:718:cc/cc/cc/cc:4sTd|Qh4h/5c7h6c/7d/6s:-10|10:Us|Them
STATE:719:cc/cc/cc/cc:3c7s|8s3s/Ts4c5c/Jc/9s:-10|10:Them|Us
STATE:720:cc/cc/cc/cc:7d2d|As9s/9dThAc/Kc/2h:-10|10:Us|Them
STATE:721:cc/cc/cc/cc:Ad6h|Tc3s/9sTdQd/7d/Jh:-10|10:Them|Us
STATE:722:cc/cc/cc/cc:AcAh|Kc3c/TsKhAd/Jh/8s:10|-10:Us|Them
STATE:723:cc/cc/cc/cc:Td6h|Ts8c/5h8d2c/Ad/9h:-10|10:Them|Us
STATE:724:cc/cc/cc/cc:Ad3h|Kc4d/As5cJh/8h/Js:10|-10:Us|Them
STATE:725:cc/cc/cc/cc:8c6c|KsKd/Tc9hJs/7s/Jd:10|-10:Them|Us
STATE:726:cc/cc/cc/cc:AhTs|3d8s/3c5h8h/Ad/2h:-10|10:Us|Them
STATE:727:cc/cc/cc/cc:3c9d|Jc4c/8c9hQh/Kc/Kd:10|-10:Them|Us
STATE:728:cc/cc/cc/cc:6d8d|3h9h/2s7dKc/3s/Kh:-10|10:Us|Them
STATE:729:cc/cc/cc/cc:5d5h|6d2h/4d6h3s/Ad/6s:-10|10:Them|Us
STATE:730:cc/cc/cc/cc:ThAd|QsAh/AcKh3d/3c/7d:0|0:Us|Them
STATE:731:cc/cc/cc/cc:9s2h|Jd9h/Ad5cAc/8c/4d:-10|10:Them|Us
STATE:732:cc/cc/cc/cc:5dKs|Qc5c/Jd8h9h/Qd/3s:-10|10:Us|Them
STATE:733:cc/cc/cc/cc:As4c|5s5h/Tc6cQs/6h/6s:-10|10:Them|Us
STATE:734:cc/cc/cc/cc:Ac5c|9sJh/2dJc5d/7c/Kh:-10|10:Us|Them
STATE:735:cc/cc/cc/cc:JsKh|7dKd/4h2sAc/4d/8s:10|-10:Them|Us
STATE:736:cc/cc/cc/cc:3dJd|9h8c/Jh5d9s/3h/Ks:10|-10:Us|Them
STATE:737:cc/cc/cc/cc:5h9s|7d8d/4dAdTc/Js/2s:10|-10:Them|Us
STATE:738:cc/cc/cc/cc:7sAh|8hJc/6s4c2c/9h/2h:10|-10:Us|Them
STATE:739:cc/cc/cc/cc:Ac9c|6s2d/KcKd4c/6d/Ad:10|-10:Them|Us
STATE:740:cc/cc/cc/cc:6s5s|KhTd/KsJc4s/9h/7d:-10|10:Us|Them
STATE:741:cc/cc/cc/cc:Th6h|3c9h/4dJh4s/Kd/5d:10|-10:Them|Us
STATE:742:cc/cc/cc/cc:AcQh|Ts7c/2hAd7d/6c/Kh:10|-10:Us|Them
STATE:743:cc/cc/cc/cc:Ks9d|9hAs/Kc6c5h/Ad/Kd:10|-10:Them|Us
STATE:744:cc/cc/cc/cc:8h3c|5dQd/4d3h6h/2s/Ad:-10|10:Us|Them
STATE:745:cc/cc/cc/cc:9d8h|QdKs/Jh6c9s/2d/3s:10|-10:Them|Us
STATE:746:cc/cc/cc/cc:2c3h|JcKs/KdTdTc/2s/9s:-10|10:Us|Them
STATE:747:cc/cc/cc/cc:QcTs|As4h/8d2s2h/Ad/4c:-10|10:Them|Us
STATE:748:cc/cc/cc/cc:As2d|Qs9s/2sThQd/9h/Ks:-10|10:Us|Them
STATE:749:cc/cc/cc/cc:Th8d|7h3d/4cQs5c/Ad/6c:-10|10:Them|Us
STATE:750:cc/cc/cc/cc:9cKh|4d8c/6s9h6c/7c/5d:-10|10:Us|Them
STATE:751:cc/cc/cc/cc:8dQc|QsTh/Jc3sAc/3d/4h:0|0:Them|Us
STATE:752:cc/cc/cc/cc:3s4c|5c9d/As3h3c/2h/4s:10|-10:Us|Them
STATE:753:cc/cc/cc/cc:8cKs|4sQc/6sJh4h/6c/Th:-10|10:Them|Us
STATE:754:cc/cc/cc/cc:8d5c|6s6c/TsAhKc/Qs/Qd:-10|10:Us|Them
STATE:755:cc/cc/cc/cc:Ah9h|QcTs/Kh3h3s/Kd/2h:10|-10:Them|Us
STATE:756:cc/cc/cc/cc:Ts7d|Kd9s/5s8d5h/6s/9d:10|-10:Us|Them
STATE:757:cc/cc/cc/cc:5s5c|9h9d/Ad2h4d/Qc/Td:-10|10:Them|Us
STATE:758:cc/cc/cc/cc:Kh9s|Ac6c/JcQdKs/4h/Ah:-10|10:Us|Them
STATE:759:cc/cc/cc/cc:Kd9c|Jh8d/Qc9hJc/7c/2h:-10|10:Them|Us
STATE:760:cc/cc/cc/cc:9c4s|Jh5c/AcKd3h/2s/Kh:-10|10:Us|Them
STATE:761:cc/cc/cc/cc:Td2s|7dAs/9s8s6c/7c/Jd:10|-10:Them|Us
STATE:762:cc/cc/cc/cc:JhTd|TcAh/2s9dAd/4h/Qs:-10|10:Us|Them
STATE:763:cc/cc/cc/cc:Jd8d|9hTd/3h9s5c/7s/9c:-10|10:Them|Us
STATE:764:cc/cc/cc/cc:ThAc|2d4c/Jh3s5h/6s/Td:-10|10:Us|Them
STATE:765:cc/cc/cc/cc:Qh8d|2sJc/Kh7s3d/Kc/4h:10|-10:Them|Us
STATE:766:cc/cc/cc/cc:Qs6s|9hKs/QhQd7c/9c/3h:10|-10:Us|Them
STATE:767:cc/cc/cc/cc:Kc2h|4h8d/3sTs4d/Qd/Ah:-10|10:Them|Us
STATE:768:cc/cc/cc/cc:QhAh|2cTd/6s3c4h/Tc/9h:-10|10:Us|Them
STATE:769:cc/cc/cc/cc:6d5h|3hQh/2d6c8s/3s/2h:10|-10:Them|Us
STATE:770:cc/cc/cc/cc:TcAs|Td7c/3d9s5s/Ac/4h:10|-10:Us|Them
STATE:771:cc/cc/cc/cc:2s7h|Qs8h/3c5hJs/Jd/5d:-10|10:Them|Us
STATE:772:cc/cc/cc/cc:6h5d|As7d/Ah6sKd/Ac/Ks:-10|10:Us|Them
STATE:773:cc/cc/cc/cc:3d6h|6d2h/JsAh4h/9d/7d:0|0:Them|Us
STATE:774:cc/cc/cc/cc:8s6d|3d8c/Ah7hKh/7d/9s:0|0:Us|Them
STATE:775:cc/cc/cc/cc:Ks6c|7sJh/Kd4sJs/3c/8h:10|-10:Them|Us
STATE:776:cc/cc/cc/cc:Ah5d|6s2s/4s3h3d/4d/9c:10|-10:Us|Them
STATE:777:cc/cc/cc/cc:7h2h|9cTc/7dKs2d/4c/Jd:10|-10:Them|Us
STATE:778:cc/cc/cc/cc:8hKc|2d9s/AdKs8d/3c/Th:10|-10:Us|Them
STATE:779:cc/cc/cc/cc:AhTh|5h2h/8sQh8d/2c/7d:-10|10:Them|Us
STATE:780:cc/cc/cc/cc:7h8s|6hAs/QhQcJd/9d/7d:10|-10:Us|Them
STATE:781:cc/cc/cc/cc:Td5s|7c8c/4cKc7s/Jh/Kd:-10|10:Them|Us
STATE:782:cc/cc/cc/cc:2d7c|2hQh/5h6h4h/6c/Jc:-10|10:Us|Them
STATE:783:cc/cc/cc/cc:5hTh|3sAh/QdKh9s/Tc/Kc:10|-10:Them|Us
STATE:784:cc/cc/cc/cc:4h7h|7c3d/Th7sQd/Tc/3h:0|0:Us|Them
STATE:785:cc/cc/cc/cc:Kc9c|5d6d/8dTs7h/9s/2d:-10|10:Them|Us
STATE:786:cc/cc/cc/cc:QcQh|7dQd/4d2cTc/Kh/Jd:10|-10:Us|Them
STATE:787:cc/cc/cc/cc:9hJc|5d4c/4d6cKd/8h/Th:-10|10:Them|Us
STATE:788:cc/cc/cc/cc:TcTh|Td6c/Ac8s8d/2s/Kc:10|-10:Us|Them
STATE:789:cc/cc/cc/cc:Js3s|5s4d/QhKd7d/6s/4c:-10|10:Them|Us
STATE:790:cc/cc/cc/cc:Qs4d|AsAc/6h4c3d/7h/4h:10|-10:Us|Them
STATE:791:cc/cc/cc/cc:2c5d|JsQh/Jc9c3d/6d/7s:-10|10:Them|Us
STATE:792:cc/cc/cc/cc:9s5s|Jh5h/8cQc7c/7h/6h:10|-10:Us|Them
STATE:793:cc/cc/cc/cc:4sAs|8d5h/7dJdJs/7c/6c:10|-10:Them|Us
STATE:794:cc/cc/cc/cc:9h5h|9dAc/Jc2h4s/3d/3s:-10|10:Us|Them
STATE:795:cc/cc/cc/cc:Kd3s|8sKc/JcKhAd/As/7s:0|0:Them|Us
STATE:796:cc/cc/cc/cc:Qh2d|Kd7d/9d7h7c/Th/4c:-10|10:Us|Them
STATE:797:cc/cc/cc/cc:Qd7h|2c4d/AcTh3c/9h/2d:-10|10:Them|Us
STATE:798:cc/cc/cc/cc:6h5s|Jh6d/9c2d5h/Kd/Ah:10|-10:Us|Them
STATE:799:cc/cc/cc/cc:6dTh|7h6h/AsTdTc/Qc/Jd:10|-10:Them|Us
STATE:800:cc/cc/cc/cc:5sAd|5h8d/ThJs7h/8c/6h:-10|10:Us|Them
STATE:801:cc/cc/cc/cc:6d6c|8d8c/4sAc6h/Js/Td:10|-10:Them|Us
STATE:802:cc/cc/cc/cc:Qh3c|Kd8s/As5cJh/6s/Td:-10|10:Us|Them
STATE:803:cc/cc/cc/cc:Tc2s|Ac5c/9d7sAh/6s/6d:-10|10:Them|Us
STATE:804:cc/cc/cc/cc:Td7c|QsQh/AsQc7h/2d/3c:-10|10:Us|Them
STATE:805:cc/cc/cc/cc:7h8d|Tc6s/3c5c4d/Td/2c:-10|10:Them|Us
STATE:806:cc/cc/cc/cc:2c7c|Qc3h/JcKc2h/8d/7h:10|-10:Us|Them
STATE:807:cc/cc/cc/cc:2sKd|AdJh/5hTh9s/Ac/Jc:-10|10:Them|Us
STATE:808:cc/cc/cc/cc:Qh2c|4sQs/5d9sJc/5h/5c:0|0:Us|Them
STATE:809:cc/cc/cc/cc:Qh8s|3cJh/6d7sTc/Qc/Js:10|-10:Them|Us
STATE:810:cc/cc/cc/cc:9s5d|2c6h/5cQd3c/2s/Jd:10|-10:Us|Them
STATE:811:cc/cc/cc/cc:5sQs|3h8s/4d6d4h/8d/Th:-10|10:Them|Us
STATE:812:cc/cc/cc/cc:Qc8d|JsAs/6cTd7d/8h/5c:10|-10:Us|Them
STATE:813:cc/cc/cc/cc:AsJs|Ah6h/2d3d9h/8h/Qc:10|-10:Them|Us
STATE:814:cc/cc/cc/cc:8c7s|6dQd/7c5cTc/Ts/7h:10|-10:Us|Them
STATE:815:cc/cc/cc/cc:2cAh|3c3d/JcQhTc/6h/Kh:10|-10:Them|Us
STATE:816:cc/cc/cc/cc:5c2s|6h4c/2h4dQs/Td/4s:-10|10:Us|Them
STATE:817:cc/cc/cc/cc:3sJh|Js6s/7h3h5h/6h/Jc:10|-10:Them|Us
STATE:818:cc/cc/cc/cc:Ks8h|8c7s/6sTc5h/Ts/7d:-10|10:Us|Them
STATE:819:cc/cc/cc/cc:Jc8s|AcAh/TcQdKs/8d/6s:-10|10:Them|Us
STATE:820:cc/cc/cc/cc:5dQc|2c6s/TsKhAh/6c/5h:-10|10:Us|Them
STATE:821:cc/cc/cc/cc:9c7c|6hKs/2h3c5d/Qh/5c:-10|10:Them|Us
STATE:822:cc/cc/cc/cc:Kh9s|8d6s/JdAh9d/7d/Tc:-10|10:Us|Them
STATE:823:cc/cc/cc/cc:3s3h|4cJc/Ts7h3c/8d/Qs:10|-10:Them|Us
STATE:824:cc/cc/cc/cc:6hJs|2h3s/8cAdQs/2c/2d:-10|10:Us|Them
STATE:825:cc/cc/cc/cc:3d5h|KsKd/4sTsQd/Th/5d:-10|10:Them|Us
STATE:826:cc/cc/cc/cc:6d8s|5s7h/4sTsTd/7s/6h:-10|10:Us|Them
STATE:827:cc/cc/cc/cc:4hAs|KdTs/5sJh4c/9s/Ad:10|-10:Them|Us
STATE:828:cc/cc/cc/cc:ThQs|Qd7c/6sAd3s/Ts/Js:10|-10:Us|Them
STATE:829:cc/cc/cc/cc:AdQh|TsKd/4sJh5s/3d/2d:10|-10:Them|Us
STATE:830:cc/cc/cc/cc:Th7c|Ts6c/5dJcQc/6h/3s:-10|10:Us|Them
STATE:831:cc/cc/cc/cc:8cAc|8sAd/2c4cTh/7c/Jd:10|-10:Them|Us
STATE:832:cc/cc/cc/cc:TsQh|As8h/Ac8d7s/8c/3s:-10|10:Us|Them
STATE:833:cc/cc/cc/cc:5d9d|6hQd/7sKh2h/Qh/7h:-10|10:Them|Us
STATE:834:cc/cc/cc/cc:6s7c|QcAh/9cKhQs/3d/6d:-10|10:Us|Them
STATE:835:cc/cc/cc/cc:ThKh|3cJh/5c8cQd/Qh/7c:10|-10:Them|Us
STATE:836:cc/cc/cc/cc:9c4d|7d9s/6d8dTc/Jc/Qc:0|0:Us|Them
STATE:837:cc/cc/cc/cc:3d9d|Kh4s/9cJs5c/2d/8s:10|-10:Them|Us
STATE:838:cc/cc/cc/cc:6cTd|Kc9s/8s9hQs/6s/Th:10|-10:Us|Them
STATE:839:cc/cc/cc/cc:7h4d|7sTc/Qh5d9c/8h/7c:-10|10:Them|Us
STATE:840:cc/cc/cc/cc:KsQs|As4c/7sTdKd/Jd/Kh:10|-10:Us|Them
STATE:841:cc/cc/cc/cc:4h2s|As7h/6h7cKd/4d/Kh:-10|10:Them|Us
STATE:842:cc/cc/cc/cc:4dAd|9c6d/7c8s6s/5h/2h:-10|10:Us|Them
STATE:843:cc/cc/cc/cc:3c3s|8s6d/Ad2dKs/Tc/Kh:10|-10:Them|Us
STATE:844:cc/cc/cc/cc:5dKh|JhQh/Kc8s3d/5s/Ks:10|-10:Us|Them
STATE:845:cc/cc/cc/cc:6h3h|QdQh/Kh8d6d/6s/Jd:10|-10:Them|Us
STATE:846:cc/cc/cc/cc:Jh9c|Qs4d/Qh9h8c/2h/4s:-10|10:Us|Them
STATE:847:cc/cc/cc/cc:2c9s|Jh5c/QhKh7d/3c/6s:-10|10:Them|Us
STATE:848:cc/cc/cc/cc:ThKs|7dAd/7sKc4s/4d/Js:10|-10:Us|Them
STATE:849:cc/cc/cc/cc:4hQd|9s9d/Qc6cAc/2h/7s:10|-10:Them|Us
STATE:850:cc/cc/cc/cc:JsAs|Kh5s/Tc3s2c/Kc/9c:-10|10:Us|Them
STATE:851:cc/cc/cc/cc:4cKh|Kc7c/9d5d6s/Ks/4h:10|-10:Them|Us
STATE:852:cc/cc/cc/cc:AsTd|Th4h/Kc3d4s/Ac/6c:10|-10:Us|Them
STATE:853:cc/cc/cc/cc:Td7h|9h9d/AcAdJs/7s/Kc:-10|10:Them|Us
STATE:854:cc/cc/cc/cc:Ad9c|AcQd/4sKdAs/4c/9d:10|-10:Us|Them
STATE:855:cc/cc/cc/cc:Ks2d|9s5c/Jd6s2c/Qd/Qs:10|-10:Them|Us
STATE:856:cc/cc/cc/cc:3cAc|Ks9h/ThAh5c/4h/6d:10|-10:Us|Them
STATE:857:cc/cc/cc/cc:8c5s|KsTs/JhKh7d/5h/9h:-10|10:Them|Us
STATE:858:cc/cc/cc/cc:JhQh|6h8s/3d2sAd/4s/5s:-10|10:Us|Them
STATE:859:cc/cc/cc/cc:5s7h|3c4d/QsAhKd/3d/4h:-10|10:Them|Us
STATE:860:cc/cc/cc/cc:Ad8d|QdTd/9h5d6c/9d/7h:10|-10:Us|Them
STATE:861:cc/cc/cc/cc:7s7h|9dQc/JdKsKh/8d/Th:-10|10:Them|Us
STATE:862:cc/cc/cc/cc:Td7d|5sQs/5h3hJc/3c/4c:-10|10:Us|Them
STATE:863:cc/cc/cc/cc:7h5d|TdJs/KhQh9d/4h/6s:-10|10:Them|Us
STATE:864:cc/cc/cc/cc:Qd8d|2hTs/9h7c4c/3h/4s:10|-10:Us|Them
STATE:865:cc/cc/cc/cc:QhJh|5h3h/4c8d6s/Jd/9d:10|-10:Them|Us
STATE:866:cc/cc/cc/cc:9d9s|5h6d/2s9h7s/Qd/Kc:10|-10:Us|Them
STATE:867:cc/cc/cc/cc:AsQh|Jd7h/9sTh9h/Qc/Tc:10|-10:Them|Us
STATE:868:cc/cc/cc/cc:Ac4h|9h6d/Tc3dAh/4c/Kd:10|-10:Us|Them
STATE:869:cc/cc/cc/cc:JhKh|5cJc/QsTs7h/2h/5d:-10|10:Them|Us
STATE:870:cc/cc/cc/cc:4d5h|2hQd/4h2c7s/4s/6s:10|-10:Us|Them
STATE:871:cc/cc/cc/cc:2d6d|5c3d/7d7c6c/4c/Ks:-10|10:Them|Us
STATE:872:cc/cc/cc/cc:2d3d|9c5s/9s6s7h/7c/8c:-10|10:Us|Them
STATE:873:cc/cc/cc/cc:8d8h|Qh7d/As9c5h/Tc/4c:10|-10:Them|Us
STATE:874:cc/cc/cc/cc:4sKs|4d8h/QdTdTh/9c/Jd:10|-10:Us|Them
STATE:875:cc/cc/cc/cc:7s3c|As3d/AdJsJh/Ks/9c:-10|10:Them|Us
STATE:876:cc/cc/cc/cc:8h5s|6dTh/KhAd8c/5c/Kc:10|-10:Us|Them
STATE:877:cc/cc/cc/cc:7d7h|QsQh/8h5c9d/Kh/3s:-10|10:Them|Us
STATE:878:cc/cc/cc/cc:9cQh|AhTs/7c8s5c/2d/Kd:-10|10:Us|Them
STATE:879:cc/cc/cc/cc:8d4d|9cQh/5s2hKd/8h/8s:10|-10:Them|Us
STATE:880:cc/cc/cc/cc:Qs7s|3sKc/7hJd2d/9c/5h:10|-10:Us|Them
STATE:881:cc/cc/cc/cc:Ac5s|9c2d/8dKd6d/8h/3s:10|-10:Them|Us
STATE:882:cc/cc/cc/cc:TsJs|3h4h/Kd9h8c/6h/Qh:-10|10:Us|Them
STATE:883:cc/cc/cc/cc:7sQd|Jc7d/2d2cJd/Ah/5d:-10|10:Them|Us
STATE:884:cc/cc/cc/cc:3d2d|Kh6d/KsAc6c/Ad/5c:-10|10:Us|Them
STATE:885:cc/cc/cc/cc:6hTc|ThKs/8cJcAd/5s/Td:-10|10:Them|Us
STATE:886:cc/cc/cc/cc:Td6c|7dKs/JhAh5c/Jd/4h:-10|10:Us|Them
STATE:887:cc/cc/cc/cc:2s7c|JhJs/As4h9s/Qh/Qd:-10|10:Them|Us
STATE:888:cc/cc/cc/cc:As5s|6dJc/4c3hKh/7s/Kd:10|-10:Us|Them
STATE:889:cc/cc/cc/cc:Kh5c|9cJd/8d2s2c/Qs/Jc:-10|10:Them|Us
STATE:890:cc/cc/cc/cc:9h8d|7c4d/5hQh2d/Ac/3h:-10|10:Us|Them
STATE:891:cc/cc/cc/cc:2cJc|Ks9s/2h7sAs/6s/3c:-10|10:Them|Us
STATE:892:cc/cc/cc/cc:7h8c|Ad6c/6dKhJh/3c/Qd:-10|10:Us|Them
STATE:893:cc/cc/cc/cc:Jh2c|Tc9c/Qd5sKc/3d/Ah:10|-10:Them|Us
STATE:894:cc/cc/cc/cc:8d9c|6c7s/4c9h5d/7d/7h:-10|10:Us|Them
STATE:895:cc/cc/cc/cc:4s2d|4hKc/Jd9d8h/Ac/5d:-10|10:Them|Us
STATE:896:cc/cc/cc/cc:Jc5c|5sAd/Ts4h6s/5h/7c:-10|10:Us|Them
STATE:897:cc/cc/cc/cc:Ts3c|6s6h/Jh5c4s/2c/7d:-10|10:Them|Us
STATE:898:cc/cc/cc/cc:9c5d|Td5s/3h9hKd/8c/Jd:10|-10:Us|Them
STATE:899:cc/cc/cc/cc:KdTd|7cTc/9sQs5d/4d/6c:10|-10:Them|Us
STATE:900:cc/cc/cc/cc:5h3h|6c5d/QhAd2h/5c/9c:0|0:Us|Them
STATE:901:cc/cc/cc/cc:JdQc|Jc7c/3h8c4c/4s/Js:10|-10:Them|Us
STATE:902:cc/cc/cc/cc:Ah4s|Ks4d/2s5cJc/8h/Ad:10|-10:Us|Them
STATE:903:cc/cc/cc/cc:Ad6c|Kc2c/2d7hJd/8c/2h:-10|10:Them|Us
STATE:904:cc/cc/cc/cc:8dQh|JhTd/8cQdAd/6c/5h:10|-10:Us|Them
STATE:905:cc/cc/cc/cc:3s4s|3d2c/5hTs4h/5s/6s:10|-10:Them|Us
STATE:906:cc/cc/cc/cc:Kd4c|8cJc/3sAhQc/9d/7d:10|-10:Us|Them
STATE:907:cc/cc/cc/cc:Ks5h|8s5s/TcKdKc/Qs/Jc:10|-10:Them|Us
STATE:908:cc/cc/cc/cc:8d3s|2s6c/Kd4d8c/5h/Th:10|-10:Us|Them
STATE:909:cc/cc/cc/cc:9hAs|5d9d/6d7d7s/Td/2c:-10|10:Them|Us
STATE:910:cc/cc/cc/cc:Kd4s|4dJc/7d3h8h/2d/5s:10|-10:Us|Them
STATE:911:cc/cc/cc/cc:9s8d|3h2d/Ad7sJs/4s/4d:10|-10:Them|Us
STATE:912:cc/cc/cc/cc:8cTc|4cJc/8s5cTh/Ad/5d:10|-10:Us|Them
STATE:913:cc/cc/cc/cc:ThAd|4sQs/JsQh5h/Kd/9s:10|-10:Them|Us
STATE:914:cc/cc/cc/cc:3hKd|3sKh/7s5cJh/Ac/5h:0|0:Us|Them
STATE:915:cc/cc/cc/cc:AdTc|Th9c/Ks3h6h/9d/Ts:-10|10:Them|Us
STATE:916:cc/cc/cc/cc:Qs6h|4s2h/QdAc6s/3c/2s:10|-10:Us|Them
STATE:917:cc/cc/cc/cc:4s9c|2c2d/KdQd4c/Tc/7c:10|-10:Them|Us
STATE:918:cc/cc/cc/cc:6c4c|Tc7d/AsQd3d/9c/5h:-10|10:Us|Them
STATE:919:cc/cc/cc/cc:TdQd|9h2h/Qh2cAd/9c/Jh:-10|10:Them|Us
STATE:920:cc/cc/cc/cc:7d8s|Jd6h/KsTh7h/As/Ts:10|-10:Us|Them
STATE:921:cc/cc/cc/cc:Jh5d|AcAs/8sKdKc/Jc/Qd:-10|10:Them|Us
STATE:922:cc/cc/cc/cc:2sKh|8c7d/9c2hJc/4h/Td:-10|10:Us|Them
STATE:923:cc/cc/cc/cc:2hKd|Ac7d/4d7sQh/8h/2d:-10|10:Them|Us
STATE:924:cc/cc/cc/cc:9hAs|7c2h/3d4dTh/9d/3s:10|-10:Us|Them
STATE:925:cc/cc/cc/cc:QsAs|7d4h/6hKdQh/5c/Th:10|-10:Them|Us
STATE:926:cc/cc/cc/cc:5hKc|2hTd/4sJd2d/8s/Kh:10|-10:Us|Them
STATE:927:cc/cc/cc/cc:6c9d|3s7c/Js6hQd/7s/2c:-10|10:Them|Us
STATE:928:cc/cc/cc/cc:7h6s|Qs2c/3dJs6d/Th/9c:10|-10:Us|Them
STATE:929:cc/cc/cc/cc:5dTs|8s5c/2cAcKh/2s/3h:10|-10:Them|Us
STATE:930:cc/cc/cc/cc:6c4s|Qs2h/9dJdKc/2c/7s:-10|10:Us|Them
STATE:931:cc/cc/cc/cc:ThTc|2d3s/8h5dQc/Qd/Qs:10|-10:Them|Us
STATE:932:cc/cc/cc/cc:2dJh|7h5d/4d3dQc/5c/Ad:10|-10:Us|Them
STATE:933:cc/cc/cc/cc:TsJh|4c5d/8cKcQc/7s/As:10|-10:Them|Us
STATE:934:cc/cc/cc/cc:AcTc|Kh5c/9d7c8s/3s/4h:10|-10:Us|Them
STATE:935:cc/cc/cc/cc:5h2h|Ad9s/3sTc7c/3h/7h:-10|10:Them|Us
STATE:936:cc/cc/cc/cc:KsTd|4d6h/JcTs9c/2d/3d:10|-10:Us|Them
STATE:937:cc/cc/cc/cc:8h6d|3d7c/KsJc6s/2s/Ad:10|-10:Them|Us
STATE:938:cc/cc/cc/cc:2cAd|3dKc/6d4d7c/9s/Ks:-10|10:Us|Them
STATE:939:cc/cc/cc/cc:QhKh|Ad3h/2c6h8c/7s/Qd:10|-10:Them|Us
STATE:940:cc/cc/cc/cc:JdQd|3hTs/8h6c7h/9c/Qc:-10|10:Us|Them
STATE:941:cc/cc/cc/cc:8s2h|KsJh/8d7c3d/6d/2s:10|-10:Them|Us
STATE:942:cc/cc/cc/cc:Kd5s|As7h/TsTd8c/Qh/7c:-10|10:Us|Them
STATE:943:cc/cc/cc/cc:3h4h|AdJd/6d7d8c/3c/4d:-10|10:Them|Us
STATE:944:cc/cc/cc/cc:Jd6c|Qd8d/Jh3c2h/Ah/8s:10|-10:Us|Them
STATE:945:cc/cc/cc/cc:Kd2s|Js7c/AcKhTc/7d/Jc:-10|10:Them|Us
STATE:946:cc/cc/cc/cc:2c5h|Ad7c/7d3cTs/4h/Ks:-10|10:Us|Them
STATE:947:cc/cc/cc/cc:8cTd|6sKc/9hKs9s/Qc/3h:-10|10:Them|Us
STATE:948:cc/cc/cc/cc:8hQd|4sKs/5h6sTs/2h/Jd:-10|10:Us|Them
STATE:949:cc/cc/cc/cc:KdTs|4s7h/QcAcKc/3s/4d:10|-10:Them|Us
STATE:950:cc/cc/cc/cc:5h9s|Th6d/5c6h8s/9c/Kd:10|-10:Us|Them
STATE:951:cc/cc/cc/cc:7h4s|Jh8h/Td9h2s/Kd/Js:-10|10:Them|Us
STATE:952:cc/cc/cc/cc:Qc9c|Kc6s/4c7hAh/7c/4s:0|0:Us|Them
STATE:953:cc/cc/cc/cc:Qd8h|6cJh/2sAsJs/4c/7h:-10|10:Them|Us
STATE:954:cc/cc/cc/cc:6s8s|Jd9h/5d5hTc/Td/7s:-10|10:Us|Them
STATE:955:cc/cc/cc/cc:6sAd|4h8h/6dKdKh/5c/4d:10|-10:Them|Us
STATE:956:cc/cc/cc/cc:9c4d|Qs5h/As9sKs/2c/Qd:-10|10:Us|Them
STATE:957:cc/cc/cc/cc:Kh9s|2h5c/Kc5s3h/7d/6c:10|-10:Them|Us
STATE:958:cc/cc/cc/cc:Kd3h|TcKs/JcAc6s/Kc/9d:-10|10:Us|Them
STATE:959:cc/cc/cc/cc:8h6s|Ks5h/4c3hKd/3c/6h:-10|10:Them|Us
STATE:960:cc/cc/cc/cc:2c7d|8d3d/9s7hQc/6s/2d:10|-10:Us|Them
STATE:961:cc/cc/cc/cc:9hAs|5d6c/7d6s4s/Js/4d:-10|10:Them|Us
STATE:962:cc/cc/cc/cc:Js3c|5cKs/6h3dKd/Ah/2d:-10|10:Us|Them
STATE:963:cc/cc/cc/cc:9sJc|5d8h/6d4h4c/Kd/3s:10|-10:Them|Us
STATE:964:cc/cc/cc/cc:9s4c|7h6h/3cKdTd/3h/7s:-10|10:Us|Them
STATE:965:cc/cc/cc/cc:3sAh|QhKs/6s2sQc/Qd/Jh:-10|10:Them|Us
STATE:966:cc/cc/cc/cc:3d7d|7h6s/4s2cJs/Ad/Qd:-10|10:Us|Them
STATE:967:cc/cc/cc/cc:9d7c|Qc5d/3dJcJs/8h/5h:-10|10:Them|Us
STATE:968:cc/cc/cc/cc:Tc2h|AhJs/9d9cJh/7d/2c:-10|10:Us|Them
STATE:969:cc/cc/cc/cc:KcAh|3h5d/Kh7d3d/6c/Jd:10|-10:Them|Us
STATE:970:cc/cc/cc/cc:4c4s|KdAs/AdThTc/9h/Jh:-10|10:Us|Them
STATE:971:cc/cc/cc/cc:KcJh|9c9s/AdTd8h/3h/6c:-10|10:Them|Us
STATE:972:cc/cc/cc/cc:3c9d|Tc2s/6c2hTh/Qs/Ts:-10|10:Us|Them
STATE:973:cc/cc/cc/cc:9s9c|Ks9h/Ac4cQh/Ts/4h:10|-10:Them|Us
STATE:974:cc/cc/cc/cc:Tc7h|As3c/5dQc3s/2c/5h:-10|10:Us|Them
STATE:975:cc/cc/cc/cc:Qd9d|Ts3h/6d8hJh/Qh/Th:-10|10:Them|Us
STATE:976:cc/cc/cc/cc:9h8d|6c2s/8s2d7c/5s/6s:10|-10:Us|Them
STATE:977:cc/cc/cc/cc:Qs8c|6d5c/Ts7h5h/4h/Ac:-10|10:Them|Us
STATE:978:cc/cc/cc/cc:3s5s|8s2s/Kd6sTc/7s/6d:-10|10:Us|Them
STATE:979:cc/cc/cc/cc:Jh6d|KdAs/TsJc4s/3h/Ad:-10|10:Them|Us
STATE:980:cc/cc/cc/cc:Qc3s|2c6d/Jc7s7d/Tc/Ts:10|-10:Us|Them
STATE:981:cc/cc/cc/cc:Td4s|5d6h/6d7cTh/3h/Jc:10|-10:Them|Us
STATE:982:cc/cc/cc/cc:3d4s|2h7s/Jc6s3h/6c/7d:-10|10:Us|Them
STATE:983:cc/cc/cc/cc:2s4c|3c2c/9cTdAd/Ac/Qc:-10|10:Them|Us
STATE:984:cc/cc/cc/cc:3dKh|9s7s/2dQs9d/8d/Jh:-10|10:Us|Them
STATE:985:cc/cc/cc/cc:8d9c|5hKs/Jh6h5s/6c/7h:10|-10:Them|Us
STATE:986:cc/cc/cc/cc:6sAd|4c9s/As8h5c/7c/6h:-10|10:Us|Them
STATE:987:cc/cc/cc/cc:QcTs|6cKs/AhKcTh/9s/9c:-10|10:Them|Us
STATE:988:cc/cc/cc/cc:3s4d|8s5d/7h7s3d/6c/5s:10|-10:Us|Them
STATE:989:cc/cc/cc/cc:QsKc|8c2c/Td6sQh/7d/Th:10|-10:Them|Us
STATE:990:cc/cc/cc/cc:3s5d|Td2s/4d5c4s/Kd/2c:10|-10:Us|Them
STATE:991:cc/cc/cc/cc:7d5s|Kh9c/As3hTs/Jh/Js:-10|10:Them|Us
STATE:992:cc/cc/cc/cc:Kh6h|As2h/Qd2c2d/7d/3d:-10|10:Us|Them
STATE:993:cc/cc/cc/cc:8c7d|QcKc/Ac6hTd/9h/3d:10|-10:Them|Us
STATE:994:cc/cc/cc/cc:6s9d|4dQd/3hAh5d/4s/6h:10|-10:Us|Them
STATE:995:cc/cc/cc/cc:6c2d|9cKs/4dKc7d/Td/Ah:-10|10:Them|Us
STATE:996:cc/cc/cc/cc:9h7h|3d8s/JcAc5c/Ah/Ks:10|-10:Us|Them
STATE:997:cc/cc/cc/cc:5s9c|8dJh/TdQc9d/Jd/9h:-10|10:Them|Us
STATE:998:cc/cc/cc/cc:Kc6h|Qc3s/QhAh8d/Th/9d:-10|10:Us|Them
STATE:999:cc/cc/cc/cc:Jc8d|TdQd/As6d6h/7h/4s:-10|10:Them|Us
SCORE:20|-20:Us|Them
